11:17:56.954 [main] INFO  testCases.TC_002_AddOraganisationTest - ***clicking on save next button***
11:17:57.152 [main] INFO  testCases.TC_002_AddOraganisationTest - ***successfully clicked on save and next button***
11:17:57.152 [main] INFO  testCases.TC_002_AddOraganisationTest - ****will Validate condition in contact person page***
11:17:57.737 [main] INFO  testCases.TC_002_AddOraganisationTest - **** Validated condition in contact person page***
11:17:57.738 [main] INFO  testCases.TC_002_AddOraganisationTest - ***Basic data of addOrganisation done***
11:17:57.756 [main] INFO  testCases.TC_002_AddOraganisationTest - ***Filling details into contact person page***
11:17:58.336 [main] INFO  testCases.TC_002_AddOraganisationTest - ***Filled  contact person details***
11:17:58.467 [main] INFO  testCases.TC_002_AddOraganisationTest - ****checking functionality of privious button in contact person page***
11:17:58.505 [main] INFO  testCases.TC_002_AddOraganisationTest - ****back to contact person details***
11:17:59.608 [main] INFO  testCases.TC_002_AddOraganisationTest - ***filled Account Manager details
11:17:59.638 [main] INFO  testCases.TC_002_AddOraganisationTest - ****Clicked save and next button***
11:18:00.194 [main] INFO  testCases.TC_002_AddOraganisationTest - ***Validated an element in Bank detail page***
11:18:00.196 [main] INFO  testCases.TC_002_AddOraganisationTest - ***Will enter banking details***
11:18:00.866 [main] INFO  testCases.TC_002_AddOraganisationTest - *** entered banking details***
11:18:00.866 [main] INFO  testCases.TC_002_AddOraganisationTest - ***Will enter banking contact person  details***
11:18:01.363 [main] INFO  testCases.TC_002_AddOraganisationTest - entered phone number
11:18:01.364 [main] INFO  testCases.TC_002_AddOraganisationTest - ***Will enter banking address details***
11:18:01.571 [main] INFO  testCases.TC_002_AddOraganisationTest - ***checking functionality of privious button in Banking detail page***
11:18:01.603 [main] INFO  testCases.TC_002_AddOraganisationTest - *** privious button works fine in Banking detail page***
11:18:01.634 [main] INFO  testCases.TC_002_AddOraganisationTest - ***back to banking address details***
11:18:02.121 [main] INFO  testCases.TC_002_AddOraganisationTest - ***entred postal pincode***
11:18:02.228 [main] INFO  testCases.TC_002_AddOraganisationTest - ***entred state***
11:18:02.353 [main] INFO  testCases.TC_002_AddOraganisationTest - ****entered All the details of Banks****
11:18:07.422 [main] INFO  testCases.TC_002_AddOraganisationTest - ***successfully clicked on save button***
11:18:07.555 [main] INFO  testCases.TC_002_AddOraganisationTest - **Condition validated**
11:18:22.825 [main] INFO  testCases.TC_002_AddOraganisationTest - ***Clicking on Home page***
11:18:26.025 [main] INFO  testCases.TC_002_AddOraganisationTest - ***adding organisation details****
11:18:27.866 [main] INFO  testCases.TC_002_AddOraganisationTest - ***filling communication address details***
11:18:29.311 [main] INFO  testCases.TC_002_AddOraganisationTest - ***filling Registered address  details***
11:18:35.191 [main] INFO  testCases.TC_002_AddOraganisationTest - ***clicking on save next button***
11:18:35.263 [main] INFO  testCases.TC_002_AddOraganisationTest - ***successfully clicked on save and next button***
11:18:35.263 [main] INFO  testCases.TC_002_AddOraganisationTest - ****will Validate condition in contact person page***
11:18:35.912 [main] INFO  testCases.TC_002_AddOraganisationTest - **** Validated condition in contact person page***
11:18:35.912 [main] INFO  testCases.TC_002_AddOraganisationTest - ***Basic data of addOrganisation done***
11:18:35.931 [main] INFO  testCases.TC_002_AddOraganisationTest - ***Filling details into contact person page***
11:18:37.555 [main] INFO  testCases.TC_002_AddOraganisationTest - ***Filled  contact person details***
11:18:37.904 [main] INFO  testCases.TC_002_AddOraganisationTest - ****checking functionality of privious button in contact person page***
11:18:38.057 [main] INFO  testCases.TC_002_AddOraganisationTest - ****back to contact person details***
11:18:39.680 [main] INFO  testCases.TC_002_AddOraganisationTest - ***filled Account Manager details
11:18:39.723 [main] INFO  testCases.TC_002_AddOraganisationTest - ****Clicked save and next button***
11:18:40.302 [main] INFO  testCases.TC_002_AddOraganisationTest - ***Validated an element in Bank detail page***
11:18:40.305 [main] INFO  testCases.TC_002_AddOraganisationTest - ***Will enter banking details***
11:18:41.063 [main] INFO  testCases.TC_002_AddOraganisationTest - *** entered banking details***
11:18:41.063 [main] INFO  testCases.TC_002_AddOraganisationTest - ***Will enter banking contact person  details***
11:18:41.717 [main] INFO  testCases.TC_002_AddOraganisationTest - entered phone number
11:18:41.717 [main] INFO  testCases.TC_002_AddOraganisationTest - ***Will enter banking address details***
11:18:42.003 [main] INFO  testCases.TC_002_AddOraganisationTest - ***checking functionality of privious button in Banking detail page***
11:18:42.080 [main] INFO  testCases.TC_002_AddOraganisationTest - *** privious button works fine in Banking detail page***
11:18:42.128 [main] INFO  testCases.TC_002_AddOraganisationTest - ***back to banking address details***
11:18:42.857 [main] INFO  testCases.TC_002_AddOraganisationTest - ***entred postal pincode***
11:18:43.027 [main] INFO  testCases.TC_002_AddOraganisationTest - ***entred state***
11:18:43.219 [main] INFO  testCases.TC_002_AddOraganisationTest - ****entered All the details of Banks****
11:18:48.290 [main] INFO  testCases.TC_002_AddOraganisationTest - ***successfully clicked on save button***
11:18:48.396 [main] INFO  testCases.TC_002_AddOraganisationTest - **Condition validated**
11:19:33.565 [main] INFO  testCases.AddOrganizationDataDriven - ***Clicking on Home page***
11:19:33.769 [main] INFO  testCases.AddOrganizationDataDriven - ***adding organisation details****
11:19:35.052 [main] INFO  testCases.AddOrganizationDataDriven - ***filling communication address details***
11:19:35.889 [main] INFO  testCases.AddOrganizationDataDriven - ***filling Registered address  details***
11:19:36.187 [main] INFO  testCases.AddOrganizationDataDriven - ***Clicking on Home page***
11:19:36.267 [main] INFO  testCases.AddOrganizationDataDriven - ***adding organisation details****
11:19:47.631 [main] INFO  testCases.AddOrganizationDataDriven - ***Clicking on Home page***
11:19:47.692 [main] INFO  testCases.AddOrganizationDataDriven - ***adding organisation details****
11:28:15.911 [main] INFO  testCases.AddOrganizationDataDriven - ***Clicking on Home page***
11:28:16.039 [main] INFO  testCases.AddOrganizationDataDriven - ***adding organisation details****
11:28:17.864 [main] INFO  testCases.AddOrganizationDataDriven - ***filling communication address details***
11:28:18.900 [main] INFO  testCases.AddOrganizationDataDriven - ***filling Registered address  details***
11:28:19.249 [main] INFO  testCases.AddOrganizationDataDriven - ***Clicking on Home page***
11:28:19.333 [main] INFO  testCases.AddOrganizationDataDriven - ***adding organisation details****
11:28:20.504 [main] INFO  testCases.AddOrganizationDataDriven - ***filling communication address details***
11:28:30.676 [main] INFO  testCases.AddOrganizationDataDriven - ***Clicking on Home page***
11:28:30.769 [main] INFO  testCases.AddOrganizationDataDriven - ***adding organisation details****
11:30:02.434 [main] INFO  testCases.AddOrganizationDataDriven - ***Clicking on Home page***
11:30:02.567 [main] INFO  testCases.AddOrganizationDataDriven - ***adding organisation details****
11:30:04.463 [main] INFO  testCases.AddOrganizationDataDriven - ***filling communication address details***
11:30:05.678 [main] INFO  testCases.AddOrganizationDataDriven - ***filling Registered address  details***
11:30:05.997 [main] INFO  testCases.AddOrganizationDataDriven - ***Clicking on Home page***
11:30:06.087 [main] INFO  testCases.AddOrganizationDataDriven - ***adding organisation details****
11:30:17.421 [main] INFO  testCases.AddOrganizationDataDriven - ***Clicking on Home page***
11:30:17.501 [main] INFO  testCases.AddOrganizationDataDriven - ***adding organisation details****
11:31:51.832 [main] INFO  testCases.TC_002_AddOraganisationTest - ***Clicking on Home page***
11:31:54.814 [main] INFO  testCases.TC_002_AddOraganisationTest - ***adding organisation details****
11:31:56.271 [main] INFO  testCases.TC_002_AddOraganisationTest - ***filling communication address details***
11:31:57.202 [main] INFO  testCases.TC_002_AddOraganisationTest - ***filling Registered address  details***
11:32:34.767 [main] INFO  testCases.AddOrganizationDataDriven - ***Clicking on Home page***
11:32:34.892 [main] INFO  testCases.AddOrganizationDataDriven - ***adding organisation details****
11:32:36.842 [main] INFO  testCases.AddOrganizationDataDriven - ***filling communication address details***
11:32:37.815 [main] INFO  testCases.AddOrganizationDataDriven - ***filling Registered address  details***
11:32:38.153 [main] INFO  testCases.AddOrganizationDataDriven - ***Clicking on Home page***
11:32:38.237 [main] INFO  testCases.AddOrganizationDataDriven - ***adding organisation details****
11:32:39.198 [main] INFO  testCases.AddOrganizationDataDriven - ***filling communication address details***
11:34:51.181 [main] INFO  testCases.AddOrganizationDataDriven - ***Clicking on Home page***
11:34:51.298 [main] INFO  testCases.AddOrganizationDataDriven - ***adding organisation details****
11:34:52.901 [main] INFO  testCases.AddOrganizationDataDriven - ***filling communication address details***
11:34:53.866 [main] INFO  testCases.AddOrganizationDataDriven - ***filling Registered address  details***
11:34:54.276 [main] INFO  testCases.AddOrganizationDataDriven - ***Clicking on Home page***
11:34:54.361 [main] INFO  testCases.AddOrganizationDataDriven - ***adding organisation details****
11:35:05.366 [main] INFO  testCases.AddOrganizationDataDriven - ***Clicking on Home page***
11:36:40.677 [main] INFO  testCases.AddOrganizationDataDriven - ***Clicking on Home page***
11:36:40.800 [main] INFO  testCases.AddOrganizationDataDriven - ***adding organisation details****
11:36:42.883 [main] INFO  testCases.AddOrganizationDataDriven - ***filling communication address details***
11:36:43.909 [main] INFO  testCases.AddOrganizationDataDriven - ***filling Registered address  details***
11:36:44.284 [main] INFO  testCases.AddOrganizationDataDriven - ***Clicking on Home page***
11:36:44.376 [main] INFO  testCases.AddOrganizationDataDriven - ***adding organisation details****
17:26:41.729 [main] INFO  testCases.TC_002_AddOraganisationTest - ***Clicking on Home page***
17:26:45.397 [main] INFO  testCases.TC_002_AddOraganisationTest - ***adding organisation details****
17:26:47.005 [main] INFO  testCases.TC_002_AddOraganisationTest - ***filling communication address details***
17:26:47.897 [main] INFO  testCases.TC_002_AddOraganisationTest - ***filling Registered address  details***
17:27:13.879 [main] INFO  testCases.TC_002_AddOraganisationTest - ***Clicking on Home page***
17:27:17.082 [main] INFO  testCases.TC_002_AddOraganisationTest - ***adding organisation details****
17:27:19.210 [main] INFO  testCases.TC_002_AddOraganisationTest - ***filling communication address details***
17:27:20.196 [main] INFO  testCases.TC_002_AddOraganisationTest - ***filling Registered address  details***
17:28:55.989 [main] INFO  testCases.TC_002_AddOraganisationTest - ***Clicking on Home page***
17:28:59.188 [main] INFO  testCases.TC_002_AddOraganisationTest - ***adding organisation details****
17:29:00.566 [main] INFO  testCases.TC_002_AddOraganisationTest - ***filling communication address details***
17:29:01.455 [main] INFO  testCases.TC_002_AddOraganisationTest - ***filling Registered address  details***
17:30:16.947 [main] INFO  testCases.TC_002_AddOraganisationTest - ***Clicking on Home page***
17:30:20.195 [main] INFO  testCases.TC_002_AddOraganisationTest - ***adding organisation details****
17:30:21.590 [main] INFO  testCases.TC_002_AddOraganisationTest - ***filling communication address details***
17:30:22.430 [main] INFO  testCases.TC_002_AddOraganisationTest - ***filling Registered address  details***
17:31:10.184 [main] INFO  testCases.TC_002_AddOraganisationTest - ***Clicking on Home page***
17:31:13.265 [main] INFO  testCases.TC_002_AddOraganisationTest - ***adding organisation details****
17:31:14.571 [main] INFO  testCases.TC_002_AddOraganisationTest - ***filling communication address details***
17:31:15.343 [main] INFO  testCases.TC_002_AddOraganisationTest - ***filling Registered address  details***
17:32:46.145 [main] INFO  testCases.TC_002_AddOraganisationTest - ***Clicking on Home page***
17:32:49.381 [main] INFO  testCases.TC_002_AddOraganisationTest - ***adding organisation details****
17:32:50.620 [main] INFO  testCases.TC_002_AddOraganisationTest - ***filling communication address details***
17:32:51.424 [main] INFO  testCases.TC_002_AddOraganisationTest - ***filling Registered address  details***
17:33:51.324 [main] INFO  testCases.TC_002_AddOraganisationTest - ***Clicking on Home page***
17:33:54.382 [main] INFO  testCases.TC_002_AddOraganisationTest - ***adding organisation details****
17:33:55.739 [main] INFO  testCases.TC_002_AddOraganisationTest - ***filling communication address details***
17:33:56.589 [main] INFO  testCases.TC_002_AddOraganisationTest - ***filling Registered address  details***
17:34:17.911 [main] INFO  testCases.TC_002_AddOraganisationTest - ***Clicking on Home page***
17:34:21.324 [main] INFO  testCases.TC_002_AddOraganisationTest - ***adding organisation details****
17:34:22.600 [main] INFO  testCases.TC_002_AddOraganisationTest - ***filling communication address details***
17:34:23.305 [main] INFO  testCases.TC_002_AddOraganisationTest - ***filling Registered address  details***
17:35:50.940 [main] INFO  testCases.TC_002_AddOraganisationTest - ***Clicking on Home page***
17:35:54.658 [main] INFO  testCases.TC_002_AddOraganisationTest - ***adding organisation details****
17:35:55.807 [main] INFO  testCases.TC_002_AddOraganisationTest - ***filling communication address details***
17:35:56.471 [main] INFO  testCases.TC_002_AddOraganisationTest - ***filling Registered address  details***
17:35:57.152 [main] INFO  testCases.TC_002_AddOraganisationTest - ***clicking on save next button***
17:35:57.197 [main] INFO  testCases.TC_002_AddOraganisationTest - ***successfully clicked on save and next button***
17:35:57.198 [main] INFO  testCases.TC_002_AddOraganisationTest - ****will Validate condition in contact person page***
17:35:57.857 [main] INFO  testCases.TC_002_AddOraganisationTest - **** Validated condition in contact person page***
17:35:57.857 [main] INFO  testCases.TC_002_AddOraganisationTest - ***Basic data of addOrganisation done***
17:35:57.885 [main] INFO  testCases.TC_002_AddOraganisationTest - ***Filling details into contact person page***
17:35:58.446 [main] INFO  testCases.TC_002_AddOraganisationTest - ***Filled  contact person details***
17:35:58.585 [main] INFO  testCases.TC_002_AddOraganisationTest - ****checking functionality of privious button in contact person page***
17:35:58.627 [main] INFO  testCases.TC_002_AddOraganisationTest - ****back to contact person details***
17:35:59.732 [main] INFO  testCases.TC_002_AddOraganisationTest - ***filled Account Manager details
17:35:59.761 [main] INFO  testCases.TC_002_AddOraganisationTest - ****Clicked save and next button***
17:36:00.344 [main] INFO  testCases.TC_002_AddOraganisationTest - ***Validated an element in Bank detail page***
17:36:00.351 [main] INFO  testCases.TC_002_AddOraganisationTest - ***Will enter banking details***
17:36:00.877 [main] INFO  testCases.TC_002_AddOraganisationTest - *** entered banking details***
17:36:00.878 [main] INFO  testCases.TC_002_AddOraganisationTest - ***Will enter banking contact person  details***
17:36:01.275 [main] INFO  testCases.TC_002_AddOraganisationTest - entered phone number
17:36:01.276 [main] INFO  testCases.TC_002_AddOraganisationTest - ***Will enter banking address details***
17:36:01.426 [main] INFO  testCases.TC_002_AddOraganisationTest - ***checking functionality of privious button in Banking detail page***
17:36:01.449 [main] INFO  testCases.TC_002_AddOraganisationTest - *** privious button works fine in Banking detail page***
17:36:01.481 [main] INFO  testCases.TC_002_AddOraganisationTest - ***back to banking address details***
17:36:01.943 [main] INFO  testCases.TC_002_AddOraganisationTest - ***entred postal pincode***
17:36:02.021 [main] INFO  testCases.TC_002_AddOraganisationTest - ***entred state***
17:36:02.123 [main] INFO  testCases.TC_002_AddOraganisationTest - ****entered All the details of Banks****
17:36:07.162 [main] INFO  testCases.TC_002_AddOraganisationTest - ***successfully clicked on save button***
17:36:07.185 [main] INFO  testCases.TC_002_AddOraganisationTest - **Condition validated**
17:41:52.380 [main] INFO  testCases.TC_002_AddOraganisationTest - ***Clicking on Home page***
17:41:57.350 [main] INFO  testCases.TC_002_AddOraganisationTest - ***adding organisation details****
17:41:59.022 [main] INFO  testCases.TC_002_AddOraganisationTest - ***filling communication address details***
17:42:00.428 [main] INFO  testCases.TC_002_AddOraganisationTest - ***filling Registered address  details***
17:42:02.319 [main] INFO  testCases.TC_002_AddOraganisationTest - ***clicking on save next button***
17:42:02.426 [main] INFO  testCases.TC_002_AddOraganisationTest - ***successfully clicked on save and next button***
17:42:02.427 [main] INFO  testCases.TC_002_AddOraganisationTest - ****will Validate condition in contact person page***
17:43:23.364 [main] INFO  testCases.TC_002_AddOraganisationTest - ***Clicking on Home page***
17:43:26.689 [main] INFO  testCases.TC_002_AddOraganisationTest - ***adding organisation details****
17:43:28.059 [main] INFO  testCases.TC_002_AddOraganisationTest - ***filling communication address details***
17:43:28.872 [main] INFO  testCases.TC_002_AddOraganisationTest - ***filling Registered address  details***
17:43:29.543 [main] INFO  testCases.TC_002_AddOraganisationTest - ***clicking on save next button***
17:43:29.591 [main] INFO  testCases.TC_002_AddOraganisationTest - ***successfully clicked on save and next button***
17:43:29.591 [main] INFO  testCases.TC_002_AddOraganisationTest - ****will Validate condition in contact person page***
17:44:17.702 [main] INFO  testCases.TC_002_AddOraganisationTest - ***Clicking on Home page***
17:44:21.472 [main] INFO  testCases.TC_002_AddOraganisationTest - ***adding organisation details****
17:44:22.790 [main] INFO  testCases.TC_002_AddOraganisationTest - ***filling communication address details***
17:44:23.636 [main] INFO  testCases.TC_002_AddOraganisationTest - ***filling Registered address  details***
17:44:24.357 [main] INFO  testCases.TC_002_AddOraganisationTest - ***clicking on save next button***
17:44:24.407 [main] INFO  testCases.TC_002_AddOraganisationTest - ***successfully clicked on save and next button***
17:44:24.407 [main] INFO  testCases.TC_002_AddOraganisationTest - ****will Validate condition in contact person page***
17:44:25.077 [main] INFO  testCases.TC_002_AddOraganisationTest - **** Validated condition in contact person page***
17:44:25.077 [main] INFO  testCases.TC_002_AddOraganisationTest - ***Basic data of addOrganisation done***
17:44:25.096 [main] INFO  testCases.TC_002_AddOraganisationTest - ***Filling details into contact person page***
17:44:25.682 [main] INFO  testCases.TC_002_AddOraganisationTest - ***Filled  contact person details***
17:44:25.792 [main] INFO  testCases.TC_002_AddOraganisationTest - ****checking functionality of privious button in contact person page***
17:44:25.835 [main] INFO  testCases.TC_002_AddOraganisationTest - ****back to contact person details***
17:44:27.473 [main] INFO  testCases.TC_002_AddOraganisationTest - ***filled Account Manager details
17:44:27.503 [main] INFO  testCases.TC_002_AddOraganisationTest - ****Clicked save and next button***
17:44:28.081 [main] INFO  testCases.TC_002_AddOraganisationTest - ***Validated an element in Bank detail page***
17:44:28.083 [main] INFO  testCases.TC_002_AddOraganisationTest - ***Will enter banking details***
17:44:28.582 [main] INFO  testCases.TC_002_AddOraganisationTest - *** entered banking details***
17:44:28.582 [main] INFO  testCases.TC_002_AddOraganisationTest - ***Will enter banking contact person  details***
17:44:29.031 [main] INFO  testCases.TC_002_AddOraganisationTest - entered phone number
17:44:29.031 [main] INFO  testCases.TC_002_AddOraganisationTest - ***Will enter banking address details***
17:44:29.167 [main] INFO  testCases.TC_002_AddOraganisationTest - ***checking functionality of privious button in Banking detail page***
17:44:29.188 [main] INFO  testCases.TC_002_AddOraganisationTest - *** privious button works fine in Banking detail page***
17:44:29.220 [main] INFO  testCases.TC_002_AddOraganisationTest - ***back to banking address details***
17:44:29.747 [main] INFO  testCases.TC_002_AddOraganisationTest - ***entred postal pincode***
17:44:29.821 [main] INFO  testCases.TC_002_AddOraganisationTest - ***entred state***
17:44:29.920 [main] INFO  testCases.TC_002_AddOraganisationTest - ****entered All the details of Banks****
17:44:34.966 [main] INFO  testCases.TC_002_AddOraganisationTest - ***successfully clicked on save button***
17:45:33.747 [main] INFO  testCases.TC_002_AddOraganisationTest - ***Clicking on Home page***
17:45:37.101 [main] INFO  testCases.TC_002_AddOraganisationTest - ***adding organisation details****
17:45:38.591 [main] INFO  testCases.TC_002_AddOraganisationTest - ***filling communication address details***
17:45:39.435 [main] INFO  testCases.TC_002_AddOraganisationTest - ***filling Registered address  details***
17:45:40.821 [main] INFO  testCases.TC_002_AddOraganisationTest - ***clicking on save next button***
17:45:40.948 [main] INFO  testCases.TC_002_AddOraganisationTest - ***successfully clicked on save and next button***
17:45:40.948 [main] INFO  testCases.TC_002_AddOraganisationTest - ****will Validate condition in contact person page***
17:45:41.582 [main] INFO  testCases.TC_002_AddOraganisationTest - **** Validated condition in contact person page***
17:45:41.582 [main] INFO  testCases.TC_002_AddOraganisationTest - ***Basic data of addOrganisation done***
17:45:41.599 [main] INFO  testCases.TC_002_AddOraganisationTest - ***Filling details into contact person page***
17:45:42.295 [main] INFO  testCases.TC_002_AddOraganisationTest - ***Filled  contact person details***
17:45:42.455 [main] INFO  testCases.TC_002_AddOraganisationTest - ****checking functionality of privious button in contact person page***
17:45:42.508 [main] INFO  testCases.TC_002_AddOraganisationTest - ****back to contact person details***
17:45:44.123 [main] INFO  testCases.TC_002_AddOraganisationTest - ***filled Account Manager details
17:45:44.150 [main] INFO  testCases.TC_002_AddOraganisationTest - ****Clicked save and next button***
17:45:44.714 [main] INFO  testCases.TC_002_AddOraganisationTest - ***Validated an element in Bank detail page***
17:45:44.718 [main] INFO  testCases.TC_002_AddOraganisationTest - ***Will enter banking details***
17:45:45.211 [main] INFO  testCases.TC_002_AddOraganisationTest - *** entered banking details***
17:45:45.211 [main] INFO  testCases.TC_002_AddOraganisationTest - ***Will enter banking contact person  details***
17:45:45.702 [main] INFO  testCases.TC_002_AddOraganisationTest - entered phone number
17:45:45.702 [main] INFO  testCases.TC_002_AddOraganisationTest - ***Will enter banking address details***
17:45:46.024 [main] INFO  testCases.TC_002_AddOraganisationTest - ***checking functionality of privious button in Banking detail page***
17:45:46.055 [main] INFO  testCases.TC_002_AddOraganisationTest - *** privious button works fine in Banking detail page***
17:45:46.106 [main] INFO  testCases.TC_002_AddOraganisationTest - ***back to banking address details***
17:45:46.716 [main] INFO  testCases.TC_002_AddOraganisationTest - ***entred postal pincode***
17:45:46.830 [main] INFO  testCases.TC_002_AddOraganisationTest - ***entred state***
17:45:46.956 [main] INFO  testCases.TC_002_AddOraganisationTest - ****entered All the details of Banks****
17:45:52.005 [main] INFO  testCases.TC_002_AddOraganisationTest - ***successfully clicked on save button***
17:45:52.036 [main] INFO  testCases.TC_002_AddOraganisationTest - **Condition validated**
09:21:29.719 [main] INFO  testCases.AddOrganizationDataDriven - ***Clicking on Home page***
09:21:30.060 [main] INFO  testCases.AddOrganizationDataDriven - ***adding organisation details****
09:21:33.453 [main] INFO  testCases.AddOrganizationDataDriven - ***filling communication address details***
09:21:34.667 [main] INFO  testCases.AddOrganizationDataDriven - ***filling Registered address  details***
09:21:35.034 [main] INFO  testCases.AddOrganizationDataDriven - ***Clicking on Home page***
09:21:35.160 [main] INFO  testCases.AddOrganizationDataDriven - ***adding organisation details****
09:21:46.661 [main] INFO  testCases.AddOrganizationDataDriven - ***Clicking on Home page***
09:21:46.754 [main] INFO  testCases.AddOrganizationDataDriven - ***adding organisation details****
09:39:44.742 [main] INFO  testCases.AddOrganizationDataDriven - ***Clicking on Home page***
09:39:44.894 [main] INFO  testCases.AddOrganizationDataDriven - ***adding organisation details****
09:39:46.998 [main] INFO  testCases.AddOrganizationDataDriven - ***filling communication address details***
09:39:48.065 [main] INFO  testCases.AddOrganizationDataDriven - ***filling Registered address  details***
09:39:48.388 [main] INFO  testCases.AddOrganizationDataDriven - ***Clicking on Home page***
09:39:48.471 [main] INFO  testCases.AddOrganizationDataDriven - ***adding organisation details****
09:39:49.530 [main] INFO  testCases.AddOrganizationDataDriven - ***filling communication address details***
09:40:00.052 [main] INFO  testCases.AddOrganizationDataDriven - ***Clicking on Home page***
09:40:00.163 [main] INFO  testCases.AddOrganizationDataDriven - ***adding organisation details****
10:37:39.085 [main] INFO  testCases.AddOrganizationDataDriven - ***Clicking on Home page***
10:37:39.482 [main] INFO  testCases.AddOrganizationDataDriven - ***adding organisation details****
10:37:42.021 [main] INFO  testCases.AddOrganizationDataDriven - ***filling communication address details***
10:37:43.293 [main] INFO  testCases.AddOrganizationDataDriven - ***filling Registered address  details***
10:37:43.855 [main] INFO  testCases.AddOrganizationDataDriven - ***Clicking on Home page***
10:37:43.974 [main] INFO  testCases.AddOrganizationDataDriven - ***adding organisation details****
10:40:41.460 [main] INFO  testCases.AddOrganizationDataDriven - ***Clicking on Home page***
10:40:41.615 [main] INFO  testCases.AddOrganizationDataDriven - ***adding organisation details****
10:40:42.920 [main] INFO  testCases.AddOrganizationDataDriven - ***filling communication address details***
10:40:43.640 [main] INFO  testCases.AddOrganizationDataDriven - ***filling Registered address  details***
10:40:43.948 [main] INFO  testCases.AddOrganizationDataDriven - ***Clicking on Home page***
10:40:44.028 [main] INFO  testCases.AddOrganizationDataDriven - ***adding organisation details****
10:40:54.817 [main] INFO  testCases.AddOrganizationDataDriven - ***Clicking on Home page***
10:40:54.883 [main] INFO  testCases.AddOrganizationDataDriven - ***adding organisation details****
10:41:05.125 [main] INFO  testCases.AddOrganizationDataDriven - ***Clicking on Home page***
10:41:05.186 [main] INFO  testCases.AddOrganizationDataDriven - ***adding organisation details****
10:41:15.360 [main] INFO  testCases.AddOrganizationDataDriven - ***Clicking on Home page***
10:41:15.429 [main] INFO  testCases.AddOrganizationDataDriven - ***adding organisation details****
10:41:25.697 [main] INFO  testCases.AddOrganizationDataDriven - ***Clicking on Home page***
10:41:25.758 [main] INFO  testCases.AddOrganizationDataDriven - ***adding organisation details****
10:50:12.810 [main] INFO  testCases.AddOrganizationDataDriven - ***Clicking on Home page***
10:50:12.899 [main] INFO  testCases.AddOrganizationDataDriven - ***adding organisation details****
10:50:14.391 [main] INFO  testCases.AddOrganizationDataDriven - ***filling communication address details***
10:50:15.277 [main] INFO  testCases.AddOrganizationDataDriven - ***filling Registered address  details***
10:50:15.549 [main] INFO  testCases.AddOrganizationDataDriven - ***Clicking on Home page***
10:50:15.625 [main] INFO  testCases.AddOrganizationDataDriven - ***adding organisation details****
10:50:26.274 [main] INFO  testCases.AddOrganizationDataDriven - ***Clicking on Home page***
10:50:26.350 [main] INFO  testCases.AddOrganizationDataDriven - ***adding organisation details****
10:50:36.622 [main] INFO  testCases.AddOrganizationDataDriven - ***Clicking on Home page***
10:50:36.701 [main] INFO  testCases.AddOrganizationDataDriven - ***adding organisation details****
10:50:46.904 [main] INFO  testCases.AddOrganizationDataDriven - ***Clicking on Home page***
10:50:46.979 [main] INFO  testCases.AddOrganizationDataDriven - ***adding organisation details****
10:50:57.307 [main] INFO  testCases.AddOrganizationDataDriven - ***Clicking on Home page***
10:50:57.370 [main] INFO  testCases.AddOrganizationDataDriven - ***adding organisation details****
10:51:07.569 [main] INFO  testCases.AddOrganizationDataDriven - ***Clicking on Home page***
10:51:07.630 [main] INFO  testCases.AddOrganizationDataDriven - ***adding organisation details****
11:08:13.938 [main] INFO  testCases.AddOrganizationDataDriven - ***Clicking on Home page***
11:08:14.027 [main] INFO  testCases.AddOrganizationDataDriven - ***adding organisation details****
11:08:15.912 [main] INFO  testCases.AddOrganizationDataDriven - ***filling communication address details***
11:08:16.583 [main] INFO  testCases.AddOrganizationDataDriven - ***filling Registered address  details***
11:08:16.850 [main] INFO  testCases.AddOrganizationDataDriven - ***Clicking on Home page***
11:08:16.908 [main] INFO  testCases.AddOrganizationDataDriven - ***adding organisation details****
11:08:27.791 [main] INFO  testCases.AddOrganizationDataDriven - ***Clicking on Home page***
11:08:27.875 [main] INFO  testCases.AddOrganizationDataDriven - ***adding organisation details****
11:08:38.095 [main] INFO  testCases.AddOrganizationDataDriven - ***Clicking on Home page***
11:08:38.152 [main] INFO  testCases.AddOrganizationDataDriven - ***adding organisation details****
11:18:01.688 [main] INFO  testCases.AddOrganizationDataDriven - ***Clicking on Home page***
11:18:01.774 [main] INFO  testCases.AddOrganizationDataDriven - ***adding organisation details****
11:18:03.151 [main] INFO  testCases.AddOrganizationDataDriven - ***filling communication address details***
11:18:03.895 [main] INFO  testCases.AddOrganizationDataDriven - ***filling Registered address  details***
11:18:04.187 [main] INFO  testCases.AddOrganizationDataDriven - ***Clicking on Home page***
11:18:04.280 [main] INFO  testCases.AddOrganizationDataDriven - ***adding organisation details****
11:18:15.245 [main] INFO  testCases.AddOrganizationDataDriven - ***Clicking on Home page***
11:18:15.322 [main] INFO  testCases.AddOrganizationDataDriven - ***adding organisation details****
11:18:46.864 [main] INFO  testCases.AddOrganizationDataDriven - ***Clicking on Home page***
11:18:47.081 [main] INFO  testCases.AddOrganizationDataDriven - ***adding organisation details****
11:18:49.024 [main] INFO  testCases.AddOrganizationDataDriven - ***filling communication address details***
11:18:50.064 [main] INFO  testCases.AddOrganizationDataDriven - ***filling Registered address  details***
11:18:50.401 [main] INFO  testCases.AddOrganizationDataDriven - ***Clicking on Home page***
11:18:50.510 [main] INFO  testCases.AddOrganizationDataDriven - ***adding organisation details****
11:20:56.530 [main] INFO  testCases.AddOrganizationDataDriven - ***Clicking on Home page***
11:20:56.624 [main] INFO  testCases.AddOrganizationDataDriven - ***adding organisation details****
11:20:58.099 [main] INFO  testCases.AddOrganizationDataDriven - ***filling communication address details***
11:20:59.077 [main] INFO  testCases.AddOrganizationDataDriven - ***filling Registered address  details***
11:20:59.428 [main] INFO  testCases.AddOrganizationDataDriven - ***Clicking on Home page***
11:20:59.547 [main] INFO  testCases.AddOrganizationDataDriven - ***adding organisation details****
11:21:10.995 [main] INFO  testCases.AddOrganizationDataDriven - ***Clicking on Home page***
11:21:11.080 [main] INFO  testCases.AddOrganizationDataDriven - ***adding organisation details****
11:29:29.104 [main] INFO  testCases.AddOrganizationDataDriven - ***Clicking on Home page***
11:29:29.314 [main] INFO  testCases.AddOrganizationDataDriven - ***adding organisation details****
11:29:29.916 [main] INFO  testCases.AddOrganizationDataDriven - ***Clicking on Home page***
11:29:30.021 [main] INFO  testCases.AddOrganizationDataDriven - ***adding organisation details****
11:29:30.253 [main] INFO  testCases.AddOrganizationDataDriven - ***Clicking on Home page***
11:29:30.315 [main] INFO  testCases.AddOrganizationDataDriven - ***adding organisation details****
11:29:30.534 [main] INFO  testCases.AddOrganizationDataDriven - ***Clicking on Home page***
11:29:30.604 [main] INFO  testCases.AddOrganizationDataDriven - ***adding organisation details****
11:29:30.817 [main] INFO  testCases.AddOrganizationDataDriven - ***Clicking on Home page***
11:29:30.871 [main] INFO  testCases.AddOrganizationDataDriven - ***adding organisation details****
11:29:31.091 [main] INFO  testCases.AddOrganizationDataDriven - ***Clicking on Home page***
11:29:31.141 [main] INFO  testCases.AddOrganizationDataDriven - ***adding organisation details****
11:29:31.350 [main] INFO  testCases.AddOrganizationDataDriven - ***Clicking on Home page***
11:29:31.419 [main] INFO  testCases.AddOrganizationDataDriven - ***adding organisation details****
11:29:31.651 [main] INFO  testCases.AddOrganizationDataDriven - ***Clicking on Home page***
11:29:31.708 [main] INFO  testCases.AddOrganizationDataDriven - ***adding organisation details****
11:29:31.918 [main] INFO  testCases.AddOrganizationDataDriven - ***Clicking on Home page***
11:29:31.973 [main] INFO  testCases.AddOrganizationDataDriven - ***adding organisation details****
11:29:32.178 [main] INFO  testCases.AddOrganizationDataDriven - ***Clicking on Home page***
11:29:32.242 [main] INFO  testCases.AddOrganizationDataDriven - ***adding organisation details****
11:29:32.450 [main] INFO  testCases.AddOrganizationDataDriven - ***Clicking on Home page***
11:29:32.518 [main] INFO  testCases.AddOrganizationDataDriven - ***adding organisation details****
11:29:32.720 [main] INFO  testCases.AddOrganizationDataDriven - ***Clicking on Home page***
11:29:32.770 [main] INFO  testCases.AddOrganizationDataDriven - ***adding organisation details****
11:29:32.994 [main] INFO  testCases.AddOrganizationDataDriven - ***Clicking on Home page***
11:29:33.056 [main] INFO  testCases.AddOrganizationDataDriven - ***adding organisation details****
11:29:33.259 [main] INFO  testCases.AddOrganizationDataDriven - ***Clicking on Home page***
11:29:33.309 [main] INFO  testCases.AddOrganizationDataDriven - ***adding organisation details****
11:29:33.515 [main] INFO  testCases.AddOrganizationDataDriven - ***Clicking on Home page***
11:29:33.570 [main] INFO  testCases.AddOrganizationDataDriven - ***adding organisation details****
11:29:33.769 [main] INFO  testCases.AddOrganizationDataDriven - ***Clicking on Home page***
11:29:33.827 [main] INFO  testCases.AddOrganizationDataDriven - ***adding organisation details****
11:29:34.031 [main] INFO  testCases.AddOrganizationDataDriven - ***Clicking on Home page***
11:29:34.089 [main] INFO  testCases.AddOrganizationDataDriven - ***adding organisation details****
11:29:34.409 [main] INFO  testCases.AddOrganizationDataDriven - ***Clicking on Home page***
11:29:34.469 [main] INFO  testCases.AddOrganizationDataDriven - ***adding organisation details****
11:29:34.625 [main] INFO  testCases.AddOrganizationDataDriven - ***Clicking on Home page***
11:29:34.683 [main] INFO  testCases.AddOrganizationDataDriven - ***adding organisation details****
11:29:34.853 [main] INFO  testCases.AddOrganizationDataDriven - ***Clicking on Home page***
11:29:34.937 [main] INFO  testCases.AddOrganizationDataDriven - ***adding organisation details****
11:29:35.170 [main] INFO  testCases.AddOrganizationDataDriven - ***Clicking on Home page***
11:29:35.305 [main] INFO  testCases.AddOrganizationDataDriven - ***adding organisation details****
11:29:35.520 [main] INFO  testCases.AddOrganizationDataDriven - ***Clicking on Home page***
11:29:35.588 [main] INFO  testCases.AddOrganizationDataDriven - ***adding organisation details****
11:29:35.859 [main] INFO  testCases.AddOrganizationDataDriven - ***Clicking on Home page***
11:29:35.925 [main] INFO  testCases.AddOrganizationDataDriven - ***adding organisation details****
11:37:38.696 [main] INFO  testCases.AddOrganizationDataDriven - ***Clicking on Home page***
11:37:38.809 [main] INFO  testCases.AddOrganizationDataDriven - ***adding organisation details****
11:37:39.991 [main] INFO  testCases.AddOrganizationDataDriven - ***filling communication address details***
11:37:40.728 [main] INFO  testCases.AddOrganizationDataDriven - ***filling Registered address  details***
11:37:41.006 [main] INFO  testCases.AddOrganizationDataDriven - ***Clicking on Home page***
11:37:41.102 [main] INFO  testCases.AddOrganizationDataDriven - ***adding organisation details****
11:37:52.002 [main] INFO  testCases.AddOrganizationDataDriven - ***Clicking on Home page***
11:37:52.059 [main] INFO  testCases.AddOrganizationDataDriven - ***adding organisation details****
11:39:46.445 [main] INFO  testCases.AddOrganizationDataDriven - ***Clicking on Home page***
11:39:46.564 [main] INFO  testCases.AddOrganizationDataDriven - ***adding organisation details****
11:39:47.675 [main] INFO  testCases.AddOrganizationDataDriven - ***filling communication address details***
11:39:48.358 [main] INFO  testCases.AddOrganizationDataDriven - ***filling Registered address  details***
11:39:48.652 [main] INFO  testCases.AddOrganizationDataDriven - ***Clicking on Home page***
11:39:48.713 [main] INFO  testCases.AddOrganizationDataDriven - ***adding organisation details****
11:39:49.478 [main] INFO  testCases.AddOrganizationDataDriven - ***filling communication address details***
11:39:50.190 [main] INFO  testCases.AddOrganizationDataDriven - ***filling Registered address  details***
11:39:50.997 [main] INFO  testCases.AddOrganizationDataDriven - ***Clicking on Home page***
11:39:51.138 [main] INFO  testCases.AddOrganizationDataDriven - ***adding organisation details****
11:39:51.923 [main] INFO  testCases.AddOrganizationDataDriven - ***filling communication address details***
11:39:52.659 [main] INFO  testCases.AddOrganizationDataDriven - ***filling Registered address  details***
11:39:52.863 [main] INFO  testCases.AddOrganizationDataDriven - ***Clicking on Home page***
11:39:52.927 [main] INFO  testCases.AddOrganizationDataDriven - ***adding organisation details****
11:39:53.722 [main] INFO  testCases.AddOrganizationDataDriven - ***filling communication address details***
11:39:54.559 [main] INFO  testCases.AddOrganizationDataDriven - ***filling Registered address  details***
11:39:55.290 [main] INFO  testCases.AddOrganizationDataDriven - ***Clicking on Home page***
11:39:55.395 [main] INFO  testCases.AddOrganizationDataDriven - ***adding organisation details****
11:39:56.351 [main] INFO  testCases.AddOrganizationDataDriven - ***filling communication address details***
11:39:57.229 [main] INFO  testCases.AddOrganizationDataDriven - ***filling Registered address  details***
11:39:57.460 [main] INFO  testCases.AddOrganizationDataDriven - ***Clicking on Home page***
11:39:57.532 [main] INFO  testCases.AddOrganizationDataDriven - ***adding organisation details****
11:39:58.340 [main] INFO  testCases.AddOrganizationDataDriven - ***filling communication address details***
11:39:59.088 [main] INFO  testCases.AddOrganizationDataDriven - ***filling Registered address  details***
11:39:59.756 [main] INFO  testCases.AddOrganizationDataDriven - ***Clicking on Home page***
11:39:59.834 [main] INFO  testCases.AddOrganizationDataDriven - ***adding organisation details****
11:40:00.583 [main] INFO  testCases.AddOrganizationDataDriven - ***filling communication address details***
11:40:01.485 [main] INFO  testCases.AddOrganizationDataDriven - ***filling Registered address  details***
11:40:01.709 [main] INFO  testCases.AddOrganizationDataDriven - ***Clicking on Home page***
11:40:01.769 [main] INFO  testCases.AddOrganizationDataDriven - ***adding organisation details****
11:40:02.527 [main] INFO  testCases.AddOrganizationDataDriven - ***filling communication address details***
11:40:03.215 [main] INFO  testCases.AddOrganizationDataDriven - ***filling Registered address  details***
11:40:03.856 [main] INFO  testCases.AddOrganizationDataDriven - ***Clicking on Home page***
11:40:03.931 [main] INFO  testCases.AddOrganizationDataDriven - ***adding organisation details****
12:22:09.894 [main] INFO  testCases.AddOrganizationDataDriven - ***Clicking on Home page***
12:22:10.051 [main] INFO  testCases.AddOrganizationDataDriven - ***adding organisation details****
12:22:12.910 [main] INFO  testCases.AddOrganizationDataDriven - ***filling communication address details***
12:22:14.206 [main] INFO  testCases.AddOrganizationDataDriven - ***filling Registered address  details***
12:22:14.699 [main] INFO  testCases.AddOrganizationDataDriven - ***Clicking on Home page***
12:22:14.792 [main] INFO  testCases.AddOrganizationDataDriven - ***adding organisation details****
12:22:15.718 [main] INFO  testCases.AddOrganizationDataDriven - ***filling communication address details***
12:22:16.617 [main] INFO  testCases.AddOrganizationDataDriven - ***filling Registered address  details***
12:22:17.514 [main] INFO  testCases.AddOrganizationDataDriven - ***Clicking on Home page***
12:22:17.620 [main] INFO  testCases.AddOrganizationDataDriven - ***adding organisation details****
12:22:18.416 [main] INFO  testCases.AddOrganizationDataDriven - ***filling communication address details***
12:22:19.276 [main] INFO  testCases.AddOrganizationDataDriven - ***filling Registered address  details***
12:22:19.465 [main] INFO  testCases.AddOrganizationDataDriven - ***Clicking on Home page***
12:22:19.561 [main] INFO  testCases.AddOrganizationDataDriven - ***adding organisation details****
12:22:20.603 [main] INFO  testCases.AddOrganizationDataDriven - ***filling communication address details***
12:22:21.395 [main] INFO  testCases.AddOrganizationDataDriven - ***filling Registered address  details***
12:22:22.002 [main] INFO  testCases.AddOrganizationDataDriven - ***Clicking on Home page***
12:22:22.106 [main] INFO  testCases.AddOrganizationDataDriven - ***adding organisation details****
12:22:22.860 [main] INFO  testCases.AddOrganizationDataDriven - ***filling communication address details***
12:22:23.637 [main] INFO  testCases.AddOrganizationDataDriven - ***filling Registered address  details***
12:22:23.874 [main] INFO  testCases.AddOrganizationDataDriven - ***Clicking on Home page***
12:22:23.976 [main] INFO  testCases.AddOrganizationDataDriven - ***adding organisation details****
12:22:24.827 [main] INFO  testCases.AddOrganizationDataDriven - ***filling communication address details***
12:22:25.584 [main] INFO  testCases.AddOrganizationDataDriven - ***filling Registered address  details***
12:22:26.168 [main] INFO  testCases.AddOrganizationDataDriven - ***Clicking on Home page***
12:22:26.260 [main] INFO  testCases.AddOrganizationDataDriven - ***adding organisation details****
12:22:26.986 [main] INFO  testCases.AddOrganizationDataDriven - ***filling communication address details***
12:22:27.705 [main] INFO  testCases.AddOrganizationDataDriven - ***filling Registered address  details***
12:22:27.905 [main] INFO  testCases.AddOrganizationDataDriven - ***Clicking on Home page***
12:22:28.002 [main] INFO  testCases.AddOrganizationDataDriven - ***adding organisation details****
12:27:20.678 [main] INFO  testCases.AddOrganizationDataDriven - ***Clicking on Home page***
12:27:20.917 [main] INFO  testCases.AddOrganizationDataDriven - ***adding organisation details****
12:27:23.310 [main] INFO  testCases.AddOrganizationDataDriven - ***filling communication address details***
12:27:24.449 [main] INFO  testCases.AddOrganizationDataDriven - ***filling Registered address  details***
12:27:24.778 [main] INFO  testCases.AddOrganizationDataDriven - ***Clicking on Home page***
12:27:24.876 [main] INFO  testCases.AddOrganizationDataDriven - ***adding organisation details****
12:27:26.123 [main] INFO  testCases.AddOrganizationDataDriven - ***filling communication address details***
12:27:27.136 [main] INFO  testCases.AddOrganizationDataDriven - ***filling Registered address  details***
12:27:27.860 [main] INFO  testCases.AddOrganizationDataDriven - ***Clicking on Home page***
12:27:27.963 [main] INFO  testCases.AddOrganizationDataDriven - ***adding organisation details****
12:27:28.751 [main] INFO  testCases.AddOrganizationDataDriven - ***filling communication address details***
12:27:29.472 [main] INFO  testCases.AddOrganizationDataDriven - ***filling Registered address  details***
12:27:29.716 [main] INFO  testCases.AddOrganizationDataDriven - ***Clicking on Home page***
12:27:29.830 [main] INFO  testCases.AddOrganizationDataDriven - ***adding organisation details****
12:27:30.667 [main] INFO  testCases.AddOrganizationDataDriven - ***filling communication address details***
12:27:31.449 [main] INFO  testCases.AddOrganizationDataDriven - ***filling Registered address  details***
12:27:32.291 [main] INFO  testCases.AddOrganizationDataDriven - ***Clicking on Home page***
12:27:32.370 [main] INFO  testCases.AddOrganizationDataDriven - ***adding organisation details****
12:27:33.047 [main] INFO  testCases.AddOrganizationDataDriven - ***filling communication address details***
12:27:33.715 [main] INFO  testCases.AddOrganizationDataDriven - ***filling Registered address  details***
12:27:33.957 [main] INFO  testCases.AddOrganizationDataDriven - ***Clicking on Home page***
12:27:34.045 [main] INFO  testCases.AddOrganizationDataDriven - ***adding organisation details****
12:27:34.812 [main] INFO  testCases.AddOrganizationDataDriven - ***filling communication address details***
12:27:35.538 [main] INFO  testCases.AddOrganizationDataDriven - ***filling Registered address  details***
12:27:36.230 [main] INFO  testCases.AddOrganizationDataDriven - ***Clicking on Home page***
12:27:36.334 [main] INFO  testCases.AddOrganizationDataDriven - ***adding organisation details****
12:28:43.553 [main] INFO  testCases.AddOrganizationDataDriven - ***Clicking on Home page***
12:28:43.723 [main] INFO  testCases.AddOrganizationDataDriven - ***adding organisation details****
12:28:46.235 [main] INFO  testCases.AddOrganizationDataDriven - ***filling communication address details***
12:28:47.247 [main] INFO  testCases.AddOrganizationDataDriven - ***filling Registered address  details***
12:28:48.062 [main] INFO  testCases.AddOrganizationDataDriven - ***Clicking on Home page***
12:28:48.190 [main] INFO  testCases.AddOrganizationDataDriven - ***adding organisation details****
12:28:49.227 [main] INFO  testCases.AddOrganizationDataDriven - ***filling communication address details***
12:28:49.964 [main] INFO  testCases.AddOrganizationDataDriven - ***filling Registered address  details***
12:28:50.585 [main] INFO  testCases.AddOrganizationDataDriven - ***Clicking on Home page***
12:28:50.686 [main] INFO  testCases.AddOrganizationDataDriven - ***adding organisation details****
12:28:51.502 [main] INFO  testCases.AddOrganizationDataDriven - ***filling communication address details***
12:28:52.174 [main] INFO  testCases.AddOrganizationDataDriven - ***filling Registered address  details***
12:28:52.738 [main] INFO  testCases.AddOrganizationDataDriven - ***Clicking on Home page***
12:28:52.817 [main] INFO  testCases.AddOrganizationDataDriven - ***adding organisation details****
12:28:53.623 [main] INFO  testCases.AddOrganizationDataDriven - ***filling communication address details***
12:28:54.378 [main] INFO  testCases.AddOrganizationDataDriven - ***filling Registered address  details***
12:28:54.930 [main] INFO  testCases.AddOrganizationDataDriven - ***Clicking on Home page***
12:28:55.117 [main] INFO  testCases.AddOrganizationDataDriven - ***adding organisation details****
12:28:55.806 [main] INFO  testCases.AddOrganizationDataDriven - ***filling communication address details***
12:28:56.464 [main] INFO  testCases.AddOrganizationDataDriven - ***filling Registered address  details***
12:28:57.047 [main] INFO  testCases.AddOrganizationDataDriven - ***Clicking on Home page***
12:28:57.137 [main] INFO  testCases.AddOrganizationDataDriven - ***adding organisation details****
12:28:57.942 [main] INFO  testCases.AddOrganizationDataDriven - ***filling communication address details***
