08:57:51.162 [main] INFO  testCases.AddOrganizationDataDriven - ***filling communication address details***
08:57:52.037 [main] INFO  testCases.AddOrganizationDataDriven - ***filling Registered address  details***
08:57:52.660 [main] INFO  testCases.AddOrganizationDataDriven - ***Clicking on Home page***
08:57:52.748 [main] INFO  testCases.AddOrganizationDataDriven - ***adding organisation details****
08:57:53.756 [main] INFO  testCases.AddOrganizationDataDriven - ***filling communication address details***
08:57:54.642 [main] INFO  testCases.AddOrganizationDataDriven - ***filling Registered address  details***
08:57:55.284 [main] INFO  testCases.AddOrganizationDataDriven - ***Clicking on Home page***
08:57:55.357 [main] INFO  testCases.AddOrganizationDataDriven - ***adding organisation details****
08:57:56.288 [main] INFO  testCases.AddOrganizationDataDriven - ***filling communication address details***
08:57:57.044 [main] INFO  testCases.AddOrganizationDataDriven - ***filling Registered address  details***
08:57:57.621 [main] INFO  testCases.AddOrganizationDataDriven - ***Clicking on Home page***
08:57:57.713 [main] INFO  testCases.AddOrganizationDataDriven - ***adding organisation details****
08:57:58.567 [main] INFO  testCases.AddOrganizationDataDriven - ***filling communication address details***
08:57:59.437 [main] INFO  testCases.AddOrganizationDataDriven - ***filling Registered address  details***
08:58:00.110 [main] INFO  testCases.AddOrganizationDataDriven - ***Clicking on Home page***
08:58:00.182 [main] INFO  testCases.AddOrganizationDataDriven - ***adding organisation details****
08:58:01.197 [main] INFO  testCases.AddOrganizationDataDriven - ***filling communication address details***
08:58:01.896 [main] INFO  testCases.AddOrganizationDataDriven - ***filling Registered address  details***
08:58:02.442 [main] INFO  testCases.AddOrganizationDataDriven - ***Clicking on Home page***
08:58:02.533 [main] INFO  testCases.AddOrganizationDataDriven - ***adding organisation details****
08:58:03.429 [main] INFO  testCases.AddOrganizationDataDriven - ***filling communication address details***
08:58:54.273 [main] INFO  testCases.AddOrganizationDataDriven - ***Clicking on Home page***
08:58:54.401 [main] INFO  testCases.AddOrganizationDataDriven - ***adding organisation details****
08:58:56.094 [main] INFO  testCases.AddOrganizationDataDriven - ***filling communication address details***
08:58:57.136 [main] INFO  testCases.AddOrganizationDataDriven - ***filling Registered address  details***
08:58:57.964 [main] INFO  testCases.AddOrganizationDataDriven - ***Clicking on Home page***
08:58:58.039 [main] INFO  testCases.AddOrganizationDataDriven - ***adding organisation details****
08:58:59.409 [main] INFO  testCases.AddOrganizationDataDriven - ***filling communication address details***
08:59:00.225 [main] INFO  testCases.AddOrganizationDataDriven - ***filling Registered address  details***
08:59:00.943 [main] INFO  testCases.AddOrganizationDataDriven - ***Clicking on Home page***
08:59:01.064 [main] INFO  testCases.AddOrganizationDataDriven - ***adding organisation details****
08:59:02.505 [main] INFO  testCases.AddOrganizationDataDriven - ***filling communication address details***
08:59:03.628 [main] INFO  testCases.AddOrganizationDataDriven - ***filling Registered address  details***
08:59:04.338 [main] INFO  testCases.AddOrganizationDataDriven - ***Clicking on Home page***
08:59:04.423 [main] INFO  testCases.AddOrganizationDataDriven - ***adding organisation details****
08:59:05.440 [main] INFO  testCases.AddOrganizationDataDriven - ***filling communication address details***
08:59:06.275 [main] INFO  testCases.AddOrganizationDataDriven - ***filling Registered address  details***
08:59:06.955 [main] INFO  testCases.AddOrganizationDataDriven - ***Clicking on Home page***
08:59:07.037 [main] INFO  testCases.AddOrganizationDataDriven - ***adding organisation details****
08:59:07.993 [main] INFO  testCases.AddOrganizationDataDriven - ***filling communication address details***
08:59:08.726 [main] INFO  testCases.AddOrganizationDataDriven - ***filling Registered address  details***
08:59:09.295 [main] INFO  testCases.AddOrganizationDataDriven - ***Clicking on Home page***
08:59:09.379 [main] INFO  testCases.AddOrganizationDataDriven - ***adding organisation details****
08:59:10.270 [main] INFO  testCases.AddOrganizationDataDriven - ***filling communication address details***
08:59:10.952 [main] INFO  testCases.AddOrganizationDataDriven - ***filling Registered address  details***
08:59:11.563 [main] INFO  testCases.AddOrganizationDataDriven - ***Clicking on Home page***
08:59:11.642 [main] INFO  testCases.AddOrganizationDataDriven - ***adding organisation details****
08:59:12.603 [main] INFO  testCases.AddOrganizationDataDriven - ***filling communication address details***
08:59:13.408 [main] INFO  testCases.AddOrganizationDataDriven - ***filling Registered address  details***
08:59:14.098 [main] INFO  testCases.AddOrganizationDataDriven - ***Clicking on Home page***
09:20:24.010 [main] INFO  testCases.AddOrganizationDataDriven - ***Clicking on Home page***
09:20:24.233 [main] INFO  testCases.AddOrganizationDataDriven - ***adding organisation details****
09:20:25.743 [main] INFO  testCases.AddOrganizationDataDriven - ***filling communication address details***
09:20:26.614 [main] INFO  testCases.AddOrganizationDataDriven - ***filling Registered address  details***
09:20:27.309 [main] INFO  testCases.AddOrganizationDataDriven - ***Clicking on Home page***
09:20:27.399 [main] INFO  testCases.AddOrganizationDataDriven - ***adding organisation details****
09:20:29.575 [main] INFO  testCases.AddOrganizationDataDriven - ***filling communication address details***
09:20:30.792 [main] INFO  testCases.AddOrganizationDataDriven - ***filling Registered address  details***
09:20:31.699 [main] INFO  testCases.AddOrganizationDataDriven - ***Clicking on Home page***
09:20:31.842 [main] INFO  testCases.AddOrganizationDataDriven - ***adding organisation details****
09:20:33.448 [main] INFO  testCases.AddOrganizationDataDriven - ***filling communication address details***
09:20:34.635 [main] INFO  testCases.AddOrganizationDataDriven - ***filling Registered address  details***
09:20:35.226 [main] INFO  testCases.AddOrganizationDataDriven - ***Clicking on Home page***
09:20:35.311 [main] INFO  testCases.AddOrganizationDataDriven - ***adding organisation details****
09:20:36.547 [main] INFO  testCases.AddOrganizationDataDriven - ***filling communication address details***
09:20:37.452 [main] INFO  testCases.AddOrganizationDataDriven - ***filling Registered address  details***
09:20:38.170 [main] INFO  testCases.AddOrganizationDataDriven - ***Clicking on Home page***
09:20:38.268 [main] INFO  testCases.AddOrganizationDataDriven - ***adding organisation details****
09:27:10.741 [main] INFO  testCases.AddOrganizationDataDriven - ***Clicking on Home page***
09:27:10.984 [main] INFO  testCases.AddOrganizationDataDriven - ***adding organisation details****
09:27:12.404 [main] INFO  testCases.AddOrganizationDataDriven - ***filling communication address details***
09:27:13.088 [main] INFO  testCases.AddOrganizationDataDriven - ***filling Registered address  details***
09:27:13.705 [main] INFO  testCases.AddOrganizationDataDriven - ***Clicking on Home page***
09:27:13.768 [main] INFO  testCases.AddOrganizationDataDriven - ***adding organisation details****
09:27:14.600 [main] INFO  testCases.AddOrganizationDataDriven - ***filling communication address details***
09:27:15.153 [main] INFO  testCases.AddOrganizationDataDriven - ***filling Registered address  details***
09:27:15.649 [main] INFO  testCases.AddOrganizationDataDriven - ***Clicking on Home page***
09:27:15.781 [main] INFO  testCases.AddOrganizationDataDriven - ***adding organisation details****
09:27:17.029 [main] INFO  testCases.AddOrganizationDataDriven - ***filling communication address details***
09:27:17.748 [main] INFO  testCases.AddOrganizationDataDriven - ***filling Registered address  details***
09:27:18.311 [main] INFO  testCases.AddOrganizationDataDriven - ***Clicking on Home page***
09:27:18.386 [main] INFO  testCases.AddOrganizationDataDriven - ***adding organisation details****
09:27:19.586 [main] INFO  testCases.AddOrganizationDataDriven - ***filling communication address details***
09:27:20.501 [main] INFO  testCases.AddOrganizationDataDriven - ***filling Registered address  details***
09:28:47.190 [main] INFO  testCases.AddOrganizationDataDriven - ***Clicking on Home page***
09:28:47.297 [main] INFO  testCases.AddOrganizationDataDriven - ***adding organisation details****
09:28:48.749 [main] INFO  testCases.AddOrganizationDataDriven - ***filling communication address details***
09:28:49.539 [main] INFO  testCases.AddOrganizationDataDriven - ***filling Registered address  details***
09:28:50.135 [main] INFO  testCases.AddOrganizationDataDriven - ***Clicking on Home page***
09:28:50.210 [main] INFO  testCases.AddOrganizationDataDriven - ***adding organisation details****
09:28:51.044 [main] INFO  testCases.AddOrganizationDataDriven - ***filling communication address details***
09:28:51.609 [main] INFO  testCases.AddOrganizationDataDriven - ***filling Registered address  details***
09:28:52.112 [main] INFO  testCases.AddOrganizationDataDriven - ***Clicking on Home page***
09:28:52.181 [main] INFO  testCases.AddOrganizationDataDriven - ***adding organisation details****
09:28:52.995 [main] INFO  testCases.AddOrganizationDataDriven - ***filling communication address details***
09:28:53.861 [main] INFO  testCases.AddOrganizationDataDriven - ***filling Registered address  details***
09:28:54.408 [main] INFO  testCases.AddOrganizationDataDriven - ***Clicking on Home page***
09:28:54.474 [main] INFO  testCases.AddOrganizationDataDriven - ***adding organisation details****
09:28:55.489 [main] INFO  testCases.AddOrganizationDataDriven - ***filling communication address details***
09:28:56.098 [main] INFO  testCases.AddOrganizationDataDriven - ***filling Registered address  details***
09:28:56.623 [main] INFO  testCases.AddOrganizationDataDriven - ***Clicking on Home page***
09:28:56.723 [main] INFO  testCases.AddOrganizationDataDriven - ***adding organisation details****
09:32:36.145 [main] INFO  testCases.AddOrganizationDataDriven - ***Clicking on Home page***
09:32:36.289 [main] INFO  testCases.AddOrganizationDataDriven - ***adding organisation details****
09:32:37.619 [main] INFO  testCases.AddOrganizationDataDriven - ***filling communication address details***
09:32:38.317 [main] INFO  testCases.AddOrganizationDataDriven - ***filling Registered address  details***
09:32:38.950 [main] INFO  testCases.AddOrganizationDataDriven - ***Clicking on Home page***
09:32:39.007 [main] INFO  testCases.AddOrganizationDataDriven - ***adding organisation details****
09:32:39.770 [main] INFO  testCases.AddOrganizationDataDriven - ***filling communication address details***
09:32:40.334 [main] INFO  testCases.AddOrganizationDataDriven - ***filling Registered address  details***
09:32:40.851 [main] INFO  testCases.AddOrganizationDataDriven - ***Clicking on Home page***
09:32:40.947 [main] INFO  testCases.AddOrganizationDataDriven - ***adding organisation details****
09:32:41.993 [main] INFO  testCases.AddOrganizationDataDriven - ***filling communication address details***
09:32:43.052 [main] INFO  testCases.AddOrganizationDataDriven - ***filling Registered address  details***
09:32:43.927 [main] INFO  testCases.AddOrganizationDataDriven - ***Clicking on Home page***
09:32:44.051 [main] INFO  testCases.AddOrganizationDataDriven - ***adding organisation details****
09:32:45.459 [main] INFO  testCases.AddOrganizationDataDriven - ***filling communication address details***
09:32:46.396 [main] INFO  testCases.AddOrganizationDataDriven - ***filling Registered address  details***
09:32:47.257 [main] INFO  testCases.AddOrganizationDataDriven - ***Clicking on Home page***
09:32:47.361 [main] INFO  testCases.AddOrganizationDataDriven - ***adding organisation details****
09:32:48.336 [main] INFO  testCases.AddOrganizationDataDriven - ***filling communication address details***
09:32:49.243 [main] INFO  testCases.AddOrganizationDataDriven - ***filling Registered address  details***
09:32:50.142 [main] INFO  testCases.AddOrganizationDataDriven - ***Clicking on Home page***
09:32:50.234 [main] INFO  testCases.AddOrganizationDataDriven - ***adding organisation details****
09:32:51.283 [main] INFO  testCases.AddOrganizationDataDriven - ***filling communication address details***
09:33:59.925 [main] INFO  testCases.AddOrganizationDataDriven - ***Clicking on Home page***
09:34:00.008 [main] INFO  testCases.AddOrganizationDataDriven - ***adding organisation details****
09:34:01.207 [main] INFO  testCases.AddOrganizationDataDriven - ***filling communication address details***
09:34:02.051 [main] INFO  testCases.AddOrganizationDataDriven - ***filling Registered address  details***
09:34:02.074 [main] INFO  testCases.AddOrganizationDataDriven - ***clicking on save next button***
09:34:02.134 [main] INFO  testCases.AddOrganizationDataDriven - ***successfully clicked on save and next button***
09:34:02.134 [main] INFO  testCases.AddOrganizationDataDriven - ****will Validate condition in contact person page***
09:34:12.410 [main] INFO  testCases.AddOrganizationDataDriven - ***Clicking on Home page***
09:34:12.505 [main] INFO  testCases.AddOrganizationDataDriven - ***adding organisation details****
09:34:13.761 [main] INFO  testCases.AddOrganizationDataDriven - ***filling communication address details***
09:34:14.631 [main] INFO  testCases.AddOrganizationDataDriven - ***filling Registered address  details***
09:34:14.654 [main] INFO  testCases.AddOrganizationDataDriven - ***clicking on save next button***
09:34:14.689 [main] INFO  testCases.AddOrganizationDataDriven - ***successfully clicked on save and next button***
09:34:14.689 [main] INFO  testCases.AddOrganizationDataDriven - ****will Validate condition in contact person page***
09:34:25.066 [main] INFO  testCases.AddOrganizationDataDriven - ***Clicking on Home page***
09:34:25.128 [main] INFO  testCases.AddOrganizationDataDriven - ***adding organisation details****
09:34:26.150 [main] INFO  testCases.AddOrganizationDataDriven - ***filling communication address details***
09:34:26.777 [main] INFO  testCases.AddOrganizationDataDriven - ***filling Registered address  details***
09:34:26.797 [main] INFO  testCases.AddOrganizationDataDriven - ***clicking on save next button***
09:34:26.835 [main] INFO  testCases.AddOrganizationDataDriven - ***successfully clicked on save and next button***
09:34:26.835 [main] INFO  testCases.AddOrganizationDataDriven - ****will Validate condition in contact person page***
09:36:56.158 [main] INFO  testCases.TC_002_AddOraganisationTest - ***Clicking on Home page***
09:37:00.930 [main] INFO  testCases.TC_002_AddOraganisationTest - ***adding organisation details****
09:37:02.248 [main] INFO  testCases.TC_002_AddOraganisationTest - ***filling communication address details***
09:37:03.017 [main] INFO  testCases.TC_002_AddOraganisationTest - ***filling Registered address  details***
09:37:03.687 [main] INFO  testCases.TC_002_AddOraganisationTest - ***clicking on save next button***
09:37:03.744 [main] INFO  testCases.TC_002_AddOraganisationTest - ***successfully clicked on save and next button***
09:37:03.744 [main] INFO  testCases.TC_002_AddOraganisationTest - ****will Validate condition in contact person page***
09:37:04.369 [main] INFO  testCases.TC_002_AddOraganisationTest - **** Validated condition in contact person page***
09:37:04.369 [main] INFO  testCases.TC_002_AddOraganisationTest - ***Basic data of addOrganisation done***
09:37:04.393 [main] INFO  testCases.TC_002_AddOraganisationTest - ***Filling details into contact person page***
09:37:04.963 [main] INFO  testCases.TC_002_AddOraganisationTest - ***Filled  contact person details***
09:37:05.087 [main] INFO  testCases.TC_002_AddOraganisationTest - ****checking functionality of privious button in contact person page***
09:37:05.121 [main] INFO  testCases.TC_002_AddOraganisationTest - ****back to contact person details***
09:37:06.204 [main] INFO  testCases.TC_002_AddOraganisationTest - ***filled Account Manager details
09:37:06.231 [main] INFO  testCases.TC_002_AddOraganisationTest - ****Clicked save and next button***
09:37:06.815 [main] INFO  testCases.TC_002_AddOraganisationTest - ***Validated an element in Bank detail page***
09:37:06.820 [main] INFO  testCases.TC_002_AddOraganisationTest - ***Will enter banking details***
09:37:07.302 [main] INFO  testCases.TC_002_AddOraganisationTest - *** entered banking details***
09:37:07.302 [main] INFO  testCases.TC_002_AddOraganisationTest - ***Will enter banking contact person  details***
09:37:07.725 [main] INFO  testCases.TC_002_AddOraganisationTest - entered phone number
09:37:07.726 [main] INFO  testCases.TC_002_AddOraganisationTest - ***Will enter banking address details***
09:37:07.918 [main] INFO  testCases.TC_002_AddOraganisationTest - ***checking functionality of privious button in Banking detail page***
09:37:07.936 [main] INFO  testCases.TC_002_AddOraganisationTest - *** privious button works fine in Banking detail page***
09:37:07.994 [main] INFO  testCases.TC_002_AddOraganisationTest - ***back to banking address details***
09:37:08.495 [main] INFO  testCases.TC_002_AddOraganisationTest - ***entred postal pincode***
09:37:08.570 [main] INFO  testCases.TC_002_AddOraganisationTest - ***entred state***
09:37:08.675 [main] INFO  testCases.TC_002_AddOraganisationTest - ****entered All the details of Banks****
09:37:13.709 [main] INFO  testCases.TC_002_AddOraganisationTest - ***successfully clicked on save button***
09:37:13.731 [main] INFO  testCases.TC_002_AddOraganisationTest - **Condition validated**
10:51:39.630 [main] INFO  testCases.AddOrganizationDataDriven - ***Clicking on Home page***
10:51:39.864 [main] INFO  testCases.AddOrganizationDataDriven - ***adding organisation details****
10:51:41.324 [main] INFO  testCases.AddOrganizationDataDriven - ***filling communication address details***
10:51:42.161 [main] INFO  testCases.AddOrganizationDataDriven - ***filling Registered address  details***
10:51:42.183 [main] INFO  testCases.AddOrganizationDataDriven - ***clicking on save next button***
10:51:42.298 [main] INFO  testCases.AddOrganizationDataDriven - ***successfully clicked on save and next button***
10:51:42.299 [main] INFO  testCases.AddOrganizationDataDriven - ****will Validate condition in contact person page***
10:51:52.611 [main] INFO  testCases.AddOrganizationDataDriven - ***Clicking on Home page***
10:51:52.668 [main] INFO  testCases.AddOrganizationDataDriven - ***adding organisation details****
10:51:53.782 [main] INFO  testCases.AddOrganizationDataDriven - ***filling communication address details***
10:51:54.482 [main] INFO  testCases.AddOrganizationDataDriven - ***filling Registered address  details***
10:51:54.499 [main] INFO  testCases.AddOrganizationDataDriven - ***clicking on save next button***
10:51:54.549 [main] INFO  testCases.AddOrganizationDataDriven - ***successfully clicked on save and next button***
10:51:54.549 [main] INFO  testCases.AddOrganizationDataDriven - ****will Validate condition in contact person page***
10:52:50.948 [main] INFO  testCases.AddOrganizationDataDriven - ***Clicking on Home page***
10:52:51.045 [main] INFO  testCases.AddOrganizationDataDriven - ***adding organisation details****
10:52:52.405 [main] INFO  testCases.AddOrganizationDataDriven - ***filling communication address details***
10:52:53.148 [main] INFO  testCases.AddOrganizationDataDriven - ***filling Registered address  details***
10:52:53.434 [main] INFO  testCases.AddOrganizationDataDriven - ***Clicking on Home page***
10:52:53.498 [main] INFO  testCases.AddOrganizationDataDriven - ***adding organisation details****
10:52:54.473 [main] INFO  testCases.AddOrganizationDataDriven - ***filling communication address details***
10:52:55.247 [main] INFO  testCases.AddOrganizationDataDriven - ***filling Registered address  details***
10:52:55.861 [main] INFO  testCases.AddOrganizationDataDriven - ***Clicking on Home page***
10:52:55.922 [main] INFO  testCases.AddOrganizationDataDriven - ***adding organisation details****
10:52:56.793 [main] INFO  testCases.AddOrganizationDataDriven - ***filling communication address details***
10:52:57.586 [main] INFO  testCases.AddOrganizationDataDriven - ***filling Registered address  details***
10:52:57.785 [main] INFO  testCases.AddOrganizationDataDriven - ***Clicking on Home page***
10:52:57.845 [main] INFO  testCases.AddOrganizationDataDriven - ***adding organisation details****
10:52:58.910 [main] INFO  testCases.AddOrganizationDataDriven - ***filling communication address details***
10:52:59.875 [main] INFO  testCases.AddOrganizationDataDriven - ***filling Registered address  details***
10:53:00.694 [main] INFO  testCases.AddOrganizationDataDriven - ***Clicking on Home page***
10:53:00.790 [main] INFO  testCases.AddOrganizationDataDriven - ***adding organisation details****
10:53:01.894 [main] INFO  testCases.AddOrganizationDataDriven - ***filling communication address details***
10:53:02.784 [main] INFO  testCases.AddOrganizationDataDriven - ***filling Registered address  details***
10:53:02.999 [main] INFO  testCases.AddOrganizationDataDriven - ***Clicking on Home page***
10:53:03.085 [main] INFO  testCases.AddOrganizationDataDriven - ***adding organisation details****
10:53:04.783 [main] INFO  testCases.AddOrganizationDataDriven - ***filling communication address details***
10:53:05.587 [main] INFO  testCases.AddOrganizationDataDriven - ***filling Registered address  details***
10:53:06.392 [main] INFO  testCases.AddOrganizationDataDriven - ***Clicking on Home page***
10:53:06.525 [main] INFO  testCases.AddOrganizationDataDriven - ***adding organisation details****
10:53:07.742 [main] INFO  testCases.AddOrganizationDataDriven - ***filling communication address details***
10:53:08.473 [main] INFO  testCases.AddOrganizationDataDriven - ***filling Registered address  details***
10:53:08.825 [main] INFO  testCases.AddOrganizationDataDriven - ***Clicking on Home page***
10:53:09.109 [main] INFO  testCases.AddOrganizationDataDriven - ***adding organisation details****
10:53:10.384 [main] INFO  testCases.AddOrganizationDataDriven - ***filling communication address details***
10:53:11.869 [main] INFO  testCases.AddOrganizationDataDriven - ***filling Registered address  details***
10:53:12.690 [main] INFO  testCases.AddOrganizationDataDriven - ***Clicking on Home page***
10:53:12.823 [main] INFO  testCases.AddOrganizationDataDriven - ***adding organisation details****
10:53:14.910 [main] INFO  testCases.AddOrganizationDataDriven - ***filling communication address details***
10:53:16.105 [main] INFO  testCases.AddOrganizationDataDriven - ***filling Registered address  details***
10:53:16.381 [main] INFO  testCases.AddOrganizationDataDriven - ***Clicking on Home page***
10:53:16.487 [main] INFO  testCases.AddOrganizationDataDriven - ***adding organisation details****
10:53:17.614 [main] INFO  testCases.AddOrganizationDataDriven - ***filling communication address details***
10:57:38.344 [main] INFO  testCases.AddOrganizationDataDriven - ***Clicking on Home page***
10:57:38.558 [main] INFO  testCases.AddOrganizationDataDriven - ***adding organisation details****
10:57:39.948 [main] INFO  testCases.AddOrganizationDataDriven - ***filling communication address details***
10:57:40.692 [main] INFO  testCases.AddOrganizationDataDriven - ***filling Registered address  details***
10:57:40.960 [main] INFO  testCases.AddOrganizationDataDriven - ***Clicking on Home page***
10:57:41.029 [main] INFO  testCases.AddOrganizationDataDriven - ***adding organisation details****
10:57:41.938 [main] INFO  testCases.AddOrganizationDataDriven - ***filling communication address details***
10:57:42.518 [main] INFO  testCases.AddOrganizationDataDriven - ***filling Registered address  details***
10:57:43.194 [main] INFO  testCases.AddOrganizationDataDriven - ***Clicking on Home page***
10:57:43.287 [main] INFO  testCases.AddOrganizationDataDriven - ***adding organisation details****
10:57:44.041 [main] INFO  testCases.AddOrganizationDataDriven - ***filling communication address details***
10:57:44.652 [main] INFO  testCases.AddOrganizationDataDriven - ***filling Registered address  details***
10:57:44.838 [main] INFO  testCases.AddOrganizationDataDriven - ***Clicking on Home page***
10:57:44.887 [main] INFO  testCases.AddOrganizationDataDriven - ***adding organisation details****
10:57:45.799 [main] INFO  testCases.AddOrganizationDataDriven - ***filling communication address details***
10:57:46.415 [main] INFO  testCases.AddOrganizationDataDriven - ***filling Registered address  details***
10:57:46.883 [main] INFO  testCases.AddOrganizationDataDriven - ***Clicking on Home page***
10:57:46.994 [main] INFO  testCases.AddOrganizationDataDriven - ***adding organisation details****
10:57:47.774 [main] INFO  testCases.AddOrganizationDataDriven - ***filling communication address details***
10:57:48.582 [main] INFO  testCases.AddOrganizationDataDriven - ***filling Registered address  details***
10:57:48.803 [main] INFO  testCases.AddOrganizationDataDriven - ***Clicking on Home page***
10:57:48.856 [main] INFO  testCases.AddOrganizationDataDriven - ***adding organisation details****
10:57:49.934 [main] INFO  testCases.AddOrganizationDataDriven - ***filling communication address details***
10:57:50.778 [main] INFO  testCases.AddOrganizationDataDriven - ***filling Registered address  details***
10:57:51.547 [main] INFO  testCases.AddOrganizationDataDriven - ***Clicking on Home page***
10:57:51.633 [main] INFO  testCases.AddOrganizationDataDriven - ***adding organisation details****
10:57:52.922 [main] INFO  testCases.AddOrganizationDataDriven - ***filling communication address details***
10:57:53.724 [main] INFO  testCases.AddOrganizationDataDriven - ***filling Registered address  details***
10:57:53.962 [main] INFO  testCases.AddOrganizationDataDriven - ***Clicking on Home page***
10:57:54.069 [main] INFO  testCases.AddOrganizationDataDriven - ***adding organisation details****
10:57:55.243 [main] INFO  testCases.AddOrganizationDataDriven - ***filling communication address details***
10:57:56.288 [main] INFO  testCases.AddOrganizationDataDriven - ***filling Registered address  details***
10:57:56.957 [main] INFO  testCases.AddOrganizationDataDriven - ***Clicking on Home page***
10:57:57.111 [main] INFO  testCases.AddOrganizationDataDriven - ***adding organisation details****
10:57:58.309 [main] INFO  testCases.AddOrganizationDataDriven - ***filling communication address details***
10:57:59.242 [main] INFO  testCases.AddOrganizationDataDriven - ***filling Registered address  details***
10:57:59.539 [main] INFO  testCases.AddOrganizationDataDriven - ***Clicking on Home page***
10:57:59.633 [main] INFO  testCases.AddOrganizationDataDriven - ***adding organisation details****
10:58:00.625 [main] INFO  testCases.AddOrganizationDataDriven - ***filling communication address details***
10:58:01.317 [main] INFO  testCases.AddOrganizationDataDriven - ***filling Registered address  details***
10:58:02.118 [main] INFO  testCases.AddOrganizationDataDriven - ***Clicking on Home page***
10:58:02.190 [main] INFO  testCases.AddOrganizationDataDriven - ***adding organisation details****
10:58:03.123 [main] INFO  testCases.AddOrganizationDataDriven - ***filling communication address details***
10:58:03.889 [main] INFO  testCases.AddOrganizationDataDriven - ***filling Registered address  details***
10:58:04.122 [main] INFO  testCases.AddOrganizationDataDriven - ***Clicking on Home page***
10:58:04.183 [main] INFO  testCases.AddOrganizationDataDriven - ***adding organisation details****
10:58:05.205 [main] INFO  testCases.AddOrganizationDataDriven - ***filling communication address details***
10:58:05.906 [main] INFO  testCases.AddOrganizationDataDriven - ***filling Registered address  details***
10:58:06.514 [main] INFO  testCases.AddOrganizationDataDriven - ***Clicking on Home page***
10:58:06.602 [main] INFO  testCases.AddOrganizationDataDriven - ***adding organisation details****
10:58:07.494 [main] INFO  testCases.AddOrganizationDataDriven - ***filling communication address details***
10:58:08.315 [main] INFO  testCases.AddOrganizationDataDriven - ***filling Registered address  details***
10:58:08.533 [main] INFO  testCases.AddOrganizationDataDriven - ***Clicking on Home page***
10:58:08.616 [main] INFO  testCases.AddOrganizationDataDriven - ***adding organisation details****
10:59:21.387 [main] INFO  testCases.AddOrganizationDataDriven - ***Clicking on Home page***
10:59:21.533 [main] INFO  testCases.AddOrganizationDataDriven - ***adding organisation details****
10:59:22.904 [main] INFO  testCases.AddOrganizationDataDriven - ***filling communication address details***
10:59:23.834 [main] INFO  testCases.AddOrganizationDataDriven - ***filling Registered address  details***
10:59:24.153 [main] INFO  testCases.AddOrganizationDataDriven - ***Clicking on Home page***
10:59:24.231 [main] INFO  testCases.AddOrganizationDataDriven - ***adding organisation details****
10:59:25.581 [main] INFO  testCases.AddOrganizationDataDriven - ***filling communication address details***
10:59:26.763 [main] INFO  testCases.AddOrganizationDataDriven - ***filling Registered address  details***
10:59:27.743 [main] INFO  testCases.AddOrganizationDataDriven - ***Clicking on Home page***
10:59:27.841 [main] INFO  testCases.AddOrganizationDataDriven - ***adding organisation details****
10:59:29.028 [main] INFO  testCases.AddOrganizationDataDriven - ***filling communication address details***
10:59:30.246 [main] INFO  testCases.AddOrganizationDataDriven - ***filling Registered address  details***
10:59:30.547 [main] INFO  testCases.AddOrganizationDataDriven - ***Clicking on Home page***
10:59:30.633 [main] INFO  testCases.AddOrganizationDataDriven - ***adding organisation details****
10:59:31.845 [main] INFO  testCases.AddOrganizationDataDriven - ***filling communication address details***
10:59:33.249 [main] INFO  testCases.AddOrganizationDataDriven - ***filling Registered address  details***
10:59:34.151 [main] INFO  testCases.AddOrganizationDataDriven - ***Clicking on Home page***
10:59:34.297 [main] INFO  testCases.AddOrganizationDataDriven - ***adding organisation details****
10:59:35.270 [main] INFO  testCases.AddOrganizationDataDriven - ***filling communication address details***
10:59:36.229 [main] INFO  testCases.AddOrganizationDataDriven - ***filling Registered address  details***
11:01:39.787 [main] INFO  testCases.AddOrganizationDataDriven - ***Clicking on Home page***
11:01:39.868 [main] INFO  testCases.AddOrganizationDataDriven - ***adding organisation details****
11:01:41.005 [main] INFO  testCases.AddOrganizationDataDriven - ***filling communication address details***
11:01:41.719 [main] INFO  testCases.AddOrganizationDataDriven - ***filling Registered address  details***
11:01:41.989 [main] INFO  testCases.AddOrganizationDataDriven - ***Clicking on Home page***
11:01:42.051 [main] INFO  testCases.AddOrganizationDataDriven - ***adding organisation details****
11:01:52.881 [main] INFO  testCases.AddOrganizationDataDriven - ***Clicking on Home page***
11:01:52.944 [main] INFO  testCases.AddOrganizationDataDriven - ***adding organisation details****
11:02:28.650 [main] INFO  testCases.TC_002_AddOraganisationTest - ***Clicking on Home page***
11:02:31.474 [main] INFO  testCases.TC_002_AddOraganisationTest - ***adding organisation details****
11:02:32.728 [main] INFO  testCases.TC_002_AddOraganisationTest - ***filling communication address details***
11:02:33.530 [main] INFO  testCases.TC_002_AddOraganisationTest - ***filling Registered address  details***
11:02:51.612 [main] INFO  testCases.TC_002_AddOraganisationTest - ***Clicking on Home page***
11:02:54.736 [main] INFO  testCases.TC_002_AddOraganisationTest - ***adding organisation details****
11:02:55.957 [main] INFO  testCases.TC_002_AddOraganisationTest - ***filling communication address details***
11:02:56.736 [main] INFO  testCases.TC_002_AddOraganisationTest - ***filling Registered address  details***
11:05:23.956 [main] INFO  testCases.TC_002_AddOraganisationTest - ***Clicking on Home page***
11:05:26.825 [main] INFO  testCases.TC_002_AddOraganisationTest - ***adding organisation details****
11:05:28.002 [main] INFO  testCases.TC_002_AddOraganisationTest - ***filling communication address details***
11:05:28.701 [main] INFO  testCases.TC_002_AddOraganisationTest - ***filling Registered address  details***
11:05:28.722 [main] INFO  testCases.TC_002_AddOraganisationTest - ***clicking on save next button***
11:05:28.784 [main] INFO  testCases.TC_002_AddOraganisationTest - ***successfully clicked on save and next button***
11:05:28.785 [main] INFO  testCases.TC_002_AddOraganisationTest - ****will Validate condition in contact person page***
11:05:29.421 [main] INFO  testCases.TC_002_AddOraganisationTest - **** Validated condition in contact person page***
11:05:29.421 [main] INFO  testCases.TC_002_AddOraganisationTest - ***Basic data of addOrganisation done***
11:05:29.443 [main] INFO  testCases.TC_002_AddOraganisationTest - ***Filling details into contact person page***
11:05:30.006 [main] INFO  testCases.TC_002_AddOraganisationTest - ***Filled  contact person details***
11:05:30.123 [main] INFO  testCases.TC_002_AddOraganisationTest - ****checking functionality of privious button in contact person page***
11:05:30.154 [main] INFO  testCases.TC_002_AddOraganisationTest - ****back to contact person details***
11:05:31.223 [main] INFO  testCases.TC_002_AddOraganisationTest - ***filled Account Manager details
11:05:31.251 [main] INFO  testCases.TC_002_AddOraganisationTest - ****Clicked save and next button***
11:05:31.815 [main] INFO  testCases.TC_002_AddOraganisationTest - ***Validated an element in Bank detail page***
11:05:31.817 [main] INFO  testCases.TC_002_AddOraganisationTest - ***Will enter banking details***
11:05:32.297 [main] INFO  testCases.TC_002_AddOraganisationTest - *** entered banking details***
11:05:32.297 [main] INFO  testCases.TC_002_AddOraganisationTest - ***Will enter banking contact person  details***
11:05:32.731 [main] INFO  testCases.TC_002_AddOraganisationTest - entered phone number
11:05:32.731 [main] INFO  testCases.TC_002_AddOraganisationTest - ***Will enter banking address details***
11:05:32.866 [main] INFO  testCases.TC_002_AddOraganisationTest - ***checking functionality of privious button in Banking detail page***
11:05:32.887 [main] INFO  testCases.TC_002_AddOraganisationTest - *** privious button works fine in Banking detail page***
11:05:32.917 [main] INFO  testCases.TC_002_AddOraganisationTest - ***back to banking address details***
11:05:33.412 [main] INFO  testCases.TC_002_AddOraganisationTest - ***entred postal pincode***
11:05:33.493 [main] INFO  testCases.TC_002_AddOraganisationTest - ***entred state***
11:05:33.604 [main] INFO  testCases.TC_002_AddOraganisationTest - ****entered All the details of Banks****
11:05:38.640 [main] INFO  testCases.TC_002_AddOraganisationTest - ***successfully clicked on save button***
11:05:38.679 [main] INFO  testCases.TC_002_AddOraganisationTest - **Condition validated**
11:06:09.163 [main] INFO  testCases.AddOrganizationDataDriven - ***Clicking on Home page***
11:06:09.247 [main] INFO  testCases.AddOrganizationDataDriven - ***adding organisation details****
11:06:10.480 [main] INFO  testCases.AddOrganizationDataDriven - ***filling communication address details***
11:06:11.215 [main] INFO  testCases.AddOrganizationDataDriven - ***filling Registered address  details***
11:06:11.496 [main] INFO  testCases.AddOrganizationDataDriven - ***Clicking on Home page***
11:06:11.557 [main] INFO  testCases.AddOrganizationDataDriven - ***adding organisation details****
11:06:12.340 [main] INFO  testCases.AddOrganizationDataDriven - ***filling communication address details***
11:06:13.154 [main] INFO  testCases.AddOrganizationDataDriven - ***filling Registered address  details***
11:06:13.892 [main] INFO  testCases.AddOrganizationDataDriven - ***Clicking on Home page***
11:06:13.962 [main] INFO  testCases.AddOrganizationDataDriven - ***adding organisation details****
11:06:14.679 [main] INFO  testCases.AddOrganizationDataDriven - ***filling communication address details***
11:06:15.318 [main] INFO  testCases.AddOrganizationDataDriven - ***filling Registered address  details***
11:06:15.510 [main] INFO  testCases.AddOrganizationDataDriven - ***Clicking on Home page***
11:06:15.579 [main] INFO  testCases.AddOrganizationDataDriven - ***adding organisation details****
11:06:16.421 [main] INFO  testCases.AddOrganizationDataDriven - ***filling communication address details***
11:06:17.063 [main] INFO  testCases.AddOrganizationDataDriven - ***filling Registered address  details***
11:06:17.620 [main] INFO  testCases.AddOrganizationDataDriven - ***Clicking on Home page***
11:06:17.743 [main] INFO  testCases.AddOrganizationDataDriven - ***adding organisation details****
11:06:18.648 [main] INFO  testCases.AddOrganizationDataDriven - ***filling communication address details***
11:06:19.325 [main] INFO  testCases.AddOrganizationDataDriven - ***filling Registered address  details***
11:06:19.510 [main] INFO  testCases.AddOrganizationDataDriven - ***Clicking on Home page***
11:06:19.556 [main] INFO  testCases.AddOrganizationDataDriven - ***adding organisation details****
11:06:20.173 [main] INFO  testCases.AddOrganizationDataDriven - ***filling communication address details***
11:06:20.680 [main] INFO  testCases.AddOrganizationDataDriven - ***filling Registered address  details***
11:06:21.150 [main] INFO  testCases.AddOrganizationDataDriven - ***Clicking on Home page***
11:06:21.266 [main] INFO  testCases.AddOrganizationDataDriven - ***adding organisation details****
11:06:21.857 [main] INFO  testCases.AddOrganizationDataDriven - ***filling communication address details***
11:06:22.405 [main] INFO  testCases.AddOrganizationDataDriven - ***filling Registered address  details***
11:06:22.582 [main] INFO  testCases.AddOrganizationDataDriven - ***Clicking on Home page***
11:06:22.633 [main] INFO  testCases.AddOrganizationDataDriven - ***adding organisation details****
11:06:23.360 [main] INFO  testCases.AddOrganizationDataDriven - ***filling communication address details***
11:06:47.422 [main] INFO  testCases.AddOrganizationDataDriven - ***Clicking on Home page***
11:06:47.523 [main] INFO  testCases.AddOrganizationDataDriven - ***adding organisation details****
11:06:48.830 [main] INFO  testCases.AddOrganizationDataDriven - ***filling communication address details***
11:06:49.543 [main] INFO  testCases.AddOrganizationDataDriven - ***filling Registered address  details***
11:06:49.771 [main] INFO  testCases.AddOrganizationDataDriven - ***Clicking on Home page***
11:06:49.833 [main] INFO  testCases.AddOrganizationDataDriven - ***adding organisation details****
11:06:50.541 [main] INFO  testCases.AddOrganizationDataDriven - ***filling communication address details***
11:06:51.132 [main] INFO  testCases.AddOrganizationDataDriven - ***filling Registered address  details***
11:06:51.648 [main] INFO  testCases.AddOrganizationDataDriven - ***Clicking on Home page***
11:06:51.709 [main] INFO  testCases.AddOrganizationDataDriven - ***adding organisation details****
11:06:52.312 [main] INFO  testCases.AddOrganizationDataDriven - ***filling communication address details***
11:06:52.840 [main] INFO  testCases.AddOrganizationDataDriven - ***filling Registered address  details***
11:06:53.033 [main] INFO  testCases.AddOrganizationDataDriven - ***Clicking on Home page***
11:06:53.080 [main] INFO  testCases.AddOrganizationDataDriven - ***adding organisation details****
11:06:53.690 [main] INFO  testCases.AddOrganizationDataDriven - ***filling communication address details***
11:06:54.269 [main] INFO  testCases.AddOrganizationDataDriven - ***filling Registered address  details***
11:06:54.780 [main] INFO  testCases.AddOrganizationDataDriven - ***Clicking on Home page***
11:06:54.829 [main] INFO  testCases.AddOrganizationDataDriven - ***adding organisation details****
11:06:55.425 [main] INFO  testCases.AddOrganizationDataDriven - ***filling communication address details***
11:06:56.044 [main] INFO  testCases.AddOrganizationDataDriven - ***filling Registered address  details***
11:06:56.268 [main] INFO  testCases.AddOrganizationDataDriven - ***Clicking on Home page***
11:06:56.335 [main] INFO  testCases.AddOrganizationDataDriven - ***adding organisation details****
11:06:57.070 [main] INFO  testCases.AddOrganizationDataDriven - ***filling communication address details***
11:06:57.792 [main] INFO  testCases.AddOrganizationDataDriven - ***filling Registered address  details***
11:08:02.839 [main] INFO  testCases.AddOrganizationDataDriven - ***Clicking on Home page***
11:08:02.944 [main] INFO  testCases.AddOrganizationDataDriven - ***adding organisation details****
11:08:04.138 [main] INFO  testCases.AddOrganizationDataDriven - ***filling communication address details***
11:08:04.837 [main] INFO  testCases.AddOrganizationDataDriven - ***filling Registered address  details***
11:08:05.090 [main] INFO  testCases.AddOrganizationDataDriven - ***Clicking on Home page***
11:08:05.154 [main] INFO  testCases.AddOrganizationDataDriven - ***adding organisation details****
11:08:05.892 [main] INFO  testCases.AddOrganizationDataDriven - ***filling communication address details***
11:08:06.413 [main] INFO  testCases.AddOrganizationDataDriven - ***filling Registered address  details***
11:08:06.958 [main] INFO  testCases.AddOrganizationDataDriven - ***Clicking on Home page***
11:08:07.078 [main] INFO  testCases.AddOrganizationDataDriven - ***adding organisation details****
11:08:07.856 [main] INFO  testCases.AddOrganizationDataDriven - ***filling communication address details***
11:08:08.729 [main] INFO  testCases.AddOrganizationDataDriven - ***filling Registered address  details***
11:08:09.004 [main] INFO  testCases.AddOrganizationDataDriven - ***Clicking on Home page***
11:08:09.138 [main] INFO  testCases.AddOrganizationDataDriven - ***adding organisation details****
11:08:10.437 [main] INFO  testCases.AddOrganizationDataDriven - ***filling communication address details***
11:08:12.056 [main] INFO  testCases.AddOrganizationDataDriven - ***filling Registered address  details***
11:08:13.300 [main] INFO  testCases.AddOrganizationDataDriven - ***Clicking on Home page***
11:08:13.420 [main] INFO  testCases.AddOrganizationDataDriven - ***adding organisation details****
11:08:14.651 [main] INFO  testCases.AddOrganizationDataDriven - ***filling communication address details***
11:09:58.829 [main] INFO  testCases.AddOrganizationDataDriven - ***Clicking on Home page***
11:09:59.076 [main] INFO  testCases.AddOrganizationDataDriven - ***adding organisation details****
11:10:00.561 [main] INFO  testCases.AddOrganizationDataDriven - ***filling communication address details***
11:10:01.283 [main] INFO  testCases.AddOrganizationDataDriven - ***filling Registered address  details***
11:10:01.554 [main] INFO  testCases.AddOrganizationDataDriven - ***Clicking on Home page***
11:10:01.635 [main] INFO  testCases.AddOrganizationDataDriven - ***adding organisation details****
11:10:02.698 [main] INFO  testCases.AddOrganizationDataDriven - ***filling communication address details***
11:10:03.734 [main] INFO  testCases.AddOrganizationDataDriven - ***filling Registered address  details***
11:10:04.670 [main] INFO  testCases.AddOrganizationDataDriven - ***Clicking on Home page***
11:10:04.796 [main] INFO  testCases.AddOrganizationDataDriven - ***adding organisation details****
11:10:05.792 [main] INFO  testCases.AddOrganizationDataDriven - ***filling communication address details***
11:10:06.580 [main] INFO  testCases.AddOrganizationDataDriven - ***filling Registered address  details***
11:10:06.834 [main] INFO  testCases.AddOrganizationDataDriven - ***Clicking on Home page***
11:10:06.939 [main] INFO  testCases.AddOrganizationDataDriven - ***adding organisation details****
11:12:19.208 [main] INFO  testCases.AddOrganizationDataDriven - ***Clicking on Home page***
11:12:19.418 [main] INFO  testCases.AddOrganizationDataDriven - ***adding organisation details****
11:12:20.982 [main] INFO  testCases.AddOrganizationDataDriven - ***filling communication address details***
11:12:22.067 [main] INFO  testCases.AddOrganizationDataDriven - ***filling Registered address  details***
11:12:22.398 [main] INFO  testCases.AddOrganizationDataDriven - ***Clicking on Home page***
11:12:22.471 [main] INFO  testCases.AddOrganizationDataDriven - ***adding organisation details****
11:12:33.614 [main] INFO  testCases.AddOrganizationDataDriven - ***Clicking on Home page***
11:12:33.692 [main] INFO  testCases.AddOrganizationDataDriven - ***adding organisation details****
11:13:13.185 [main] INFO  testCases.TC_002_AddOraganisationTest - ***Clicking on Home page***
11:13:16.620 [main] INFO  testCases.TC_002_AddOraganisationTest - ***adding organisation details****
11:13:17.726 [main] INFO  testCases.TC_002_AddOraganisationTest - ***filling communication address details***
11:13:18.421 [main] INFO  testCases.TC_002_AddOraganisationTest - ***filling Registered address  details***
11:13:18.447 [main] INFO  testCases.TC_002_AddOraganisationTest - ***clicking on save next button***
11:13:18.520 [main] INFO  testCases.TC_002_AddOraganisationTest - ***successfully clicked on save and next button***
11:13:18.521 [main] INFO  testCases.TC_002_AddOraganisationTest - ****will Validate condition in contact person page***
11:13:19.114 [main] INFO  testCases.TC_002_AddOraganisationTest - **** Validated condition in contact person page***
11:13:19.114 [main] INFO  testCases.TC_002_AddOraganisationTest - ***Basic data of addOrganisation done***
11:13:19.132 [main] INFO  testCases.TC_002_AddOraganisationTest - ***Filling details into contact person page***
11:13:19.712 [main] INFO  testCases.TC_002_AddOraganisationTest - ***Filled  contact person details***
11:13:19.837 [main] INFO  testCases.TC_002_AddOraganisationTest - ****checking functionality of privious button in contact person page***
11:13:19.878 [main] INFO  testCases.TC_002_AddOraganisationTest - ****back to contact person details***
11:13:20.936 [main] INFO  testCases.TC_002_AddOraganisationTest - ***filled Account Manager details
11:13:20.967 [main] INFO  testCases.TC_002_AddOraganisationTest - ****Clicked save and next button***
11:13:21.531 [main] INFO  testCases.TC_002_AddOraganisationTest - ***Validated an element in Bank detail page***
11:13:21.532 [main] INFO  testCases.TC_002_AddOraganisationTest - ***Will enter banking details***
11:13:22.001 [main] INFO  testCases.TC_002_AddOraganisationTest - *** entered banking details***
11:13:22.001 [main] INFO  testCases.TC_002_AddOraganisationTest - ***Will enter banking contact person  details***
11:13:22.416 [main] INFO  testCases.TC_002_AddOraganisationTest - entered phone number
11:13:22.416 [main] INFO  testCases.TC_002_AddOraganisationTest - ***Will enter banking address details***
11:13:22.560 [main] INFO  testCases.TC_002_AddOraganisationTest - ***checking functionality of privious button in Banking detail page***
11:13:22.584 [main] INFO  testCases.TC_002_AddOraganisationTest - *** privious button works fine in Banking detail page***
11:13:22.614 [main] INFO  testCases.TC_002_AddOraganisationTest - ***back to banking address details***
11:13:23.101 [main] INFO  testCases.TC_002_AddOraganisationTest - ***entred postal pincode***
11:13:23.193 [main] INFO  testCases.TC_002_AddOraganisationTest - ***entred state***
11:13:23.300 [main] INFO  testCases.TC_002_AddOraganisationTest - ****entered All the details of Banks****
11:13:28.344 [main] INFO  testCases.TC_002_AddOraganisationTest - ***successfully clicked on save button***
11:13:28.367 [main] INFO  testCases.TC_002_AddOraganisationTest - **Condition validated**
11:14:39.510 [main] INFO  testCases.TC_002_AddOraganisationTest - ***Clicking on Home page***
11:14:43.197 [main] INFO  testCases.TC_002_AddOraganisationTest - ***adding organisation details****
11:14:44.450 [main] INFO  testCases.TC_002_AddOraganisationTest - ***filling communication address details***
11:14:45.132 [main] INFO  testCases.TC_002_AddOraganisationTest - ***filling Registered address  details***
11:15:59.708 [main] INFO  testCases.TC_002_AddOraganisationTest - ***Clicking on Home page***
11:16:02.563 [main] INFO  testCases.TC_002_AddOraganisationTest - ***adding organisation details****
11:16:03.782 [main] INFO  testCases.TC_002_AddOraganisationTest - ***filling communication address details***
11:16:04.466 [main] INFO  testCases.TC_002_AddOraganisationTest - ***filling Registered address  details***
11:17:45.951 [main] INFO  testCases.TC_002_AddOraganisationTest - ***Clicking on Home page***
11:17:48.979 [main] INFO  testCases.TC_002_AddOraganisationTest - ***adding organisation details****
11:17:50.348 [main] INFO  testCases.TC_002_AddOraganisationTest - ***filling communication address details***
11:17:51.263 [main] INFO  testCases.TC_002_AddOraganisationTest - ***filling Registered address  details***
