08:40:29.108 [main] INFO  testCases.AddOrganizationDataDriven - ***adding organisation details****
08:40:30.079 [main] INFO  testCases.AddOrganizationDataDriven - ***filling communication address details***
08:40:30.782 [main] INFO  testCases.AddOrganizationDataDriven - ***filling Registered address  details***
08:40:31.580 [main] INFO  testCases.AddOrganizationDataDriven - ***Clicking on Home page***
08:40:31.679 [main] INFO  testCases.AddOrganizationDataDriven - ***adding organisation details****
08:40:32.850 [main] INFO  testCases.AddOrganizationDataDriven - ***filling communication address details***
08:40:34.141 [main] INFO  testCases.AddOrganizationDataDriven - ***filling Registered address  details***
08:40:35.347 [main] INFO  testCases.AddOrganizationDataDriven - ***Clicking on Home page***
08:40:35.498 [main] INFO  testCases.AddOrganizationDataDriven - ***adding organisation details****
08:40:36.678 [main] INFO  testCases.AddOrganizationDataDriven - ***filling communication address details***
08:40:37.639 [main] INFO  testCases.AddOrganizationDataDriven - ***filling Registered address  details***
08:40:38.512 [main] INFO  testCases.AddOrganizationDataDriven - ***Clicking on Home page***
08:40:38.615 [main] INFO  testCases.AddOrganizationDataDriven - ***adding organisation details****
08:40:39.522 [main] INFO  testCases.AddOrganizationDataDriven - ***filling communication address details***
08:40:40.304 [main] INFO  testCases.AddOrganizationDataDriven - ***filling Registered address  details***
08:40:41.326 [main] INFO  testCases.AddOrganizationDataDriven - ***Clicking on Home page***
08:40:41.407 [main] INFO  testCases.AddOrganizationDataDriven - ***adding organisation details****
08:40:42.167 [main] INFO  testCases.AddOrganizationDataDriven - ***filling communication address details***
08:40:42.902 [main] INFO  testCases.AddOrganizationDataDriven - ***filling Registered address  details***
08:44:06.479 [main] INFO  testCases.AddOrganizationDataDriven - ***Clicking on Home page***
08:44:06.587 [main] INFO  testCases.AddOrganizationDataDriven - ***adding organisation details****
08:44:07.823 [main] INFO  testCases.AddOrganizationDataDriven - ***filling communication address details***
08:44:08.523 [main] INFO  testCases.AddOrganizationDataDriven - ***filling Registered address  details***
08:44:09.235 [main] INFO  testCases.AddOrganizationDataDriven - ***Clicking on Home page***
08:44:09.300 [main] INFO  testCases.AddOrganizationDataDriven - ***adding organisation details****
08:44:09.961 [main] INFO  testCases.AddOrganizationDataDriven - ***filling communication address details***
08:44:10.538 [main] INFO  testCases.AddOrganizationDataDriven - ***filling Registered address  details***
08:44:11.093 [main] INFO  testCases.AddOrganizationDataDriven - ***Clicking on Home page***
08:44:11.180 [main] INFO  testCases.AddOrganizationDataDriven - ***adding organisation details****
08:44:11.890 [main] INFO  testCases.AddOrganizationDataDriven - ***filling communication address details***
08:44:12.584 [main] INFO  testCases.AddOrganizationDataDriven - ***filling Registered address  details***
08:44:13.218 [main] INFO  testCases.AddOrganizationDataDriven - ***Clicking on Home page***
08:44:13.292 [main] INFO  testCases.AddOrganizationDataDriven - ***adding organisation details****
08:44:14.031 [main] INFO  testCases.AddOrganizationDataDriven - ***filling communication address details***
08:44:14.730 [main] INFO  testCases.AddOrganizationDataDriven - ***filling Registered address  details***
08:44:15.303 [main] INFO  testCases.AddOrganizationDataDriven - ***Clicking on Home page***
08:44:15.428 [main] INFO  testCases.AddOrganizationDataDriven - ***adding organisation details****
08:44:16.005 [main] INFO  testCases.AddOrganizationDataDriven - ***filling communication address details***
08:44:16.609 [main] INFO  testCases.AddOrganizationDataDriven - ***filling Registered address  details***
08:44:17.241 [main] INFO  testCases.AddOrganizationDataDriven - ***Clicking on Home page***
08:44:17.290 [main] INFO  testCases.AddOrganizationDataDriven - ***adding organisation details****
08:44:17.878 [main] INFO  testCases.AddOrganizationDataDriven - ***filling communication address details***
08:44:18.396 [main] INFO  testCases.AddOrganizationDataDriven - ***filling Registered address  details***
08:44:19.010 [main] INFO  testCases.AddOrganizationDataDriven - ***Clicking on Home page***
08:44:19.080 [main] INFO  testCases.AddOrganizationDataDriven - ***adding organisation details****
08:44:19.721 [main] INFO  testCases.AddOrganizationDataDriven - ***filling communication address details***
08:44:20.678 [main] INFO  testCases.AddOrganizationDataDriven - ***filling Registered address  details***
08:44:21.798 [main] INFO  testCases.AddOrganizationDataDriven - ***Clicking on Home page***
08:45:20.480 [main] INFO  testCases.AddOrganizationDataDriven - ***Clicking on Home page***
08:45:20.575 [main] INFO  testCases.AddOrganizationDataDriven - ***adding organisation details****
08:45:25.768 [main] INFO  testCases.AddOrganizationDataDriven - ***filling communication address details***
08:45:26.626 [main] INFO  testCases.AddOrganizationDataDriven - ***filling Registered address  details***
08:45:27.372 [main] INFO  testCases.AddOrganizationDataDriven - ***Clicking on Home page***
08:45:27.443 [main] INFO  testCases.AddOrganizationDataDriven - ***adding organisation details****
08:45:28.254 [main] INFO  testCases.AddOrganizationDataDriven - ***filling communication address details***
08:45:28.983 [main] INFO  testCases.AddOrganizationDataDriven - ***filling Registered address  details***
08:45:29.508 [main] INFO  testCases.AddOrganizationDataDriven - ***Clicking on Home page***
08:45:29.636 [main] INFO  testCases.AddOrganizationDataDriven - ***adding organisation details****
08:45:30.304 [main] INFO  testCases.AddOrganizationDataDriven - ***filling communication address details***
08:45:31.046 [main] INFO  testCases.AddOrganizationDataDriven - ***filling Registered address  details***
08:45:31.598 [main] INFO  testCases.AddOrganizationDataDriven - ***Clicking on Home page***
08:45:31.659 [main] INFO  testCases.AddOrganizationDataDriven - ***adding organisation details****
08:45:32.284 [main] INFO  testCases.AddOrganizationDataDriven - ***filling communication address details***
08:45:32.927 [main] INFO  testCases.AddOrganizationDataDriven - ***filling Registered address  details***
08:45:33.495 [main] INFO  testCases.AddOrganizationDataDriven - ***Clicking on Home page***
08:45:33.556 [main] INFO  testCases.AddOrganizationDataDriven - ***adding organisation details****
08:45:34.122 [main] INFO  testCases.AddOrganizationDataDriven - ***filling communication address details***
08:50:11.113 [main] INFO  testCases.AddOrganizationDataDriven - ***Clicking on Home page***
08:50:11.293 [main] INFO  testCases.AddOrganizationDataDriven - ***adding organisation details****
08:50:14.111 [main] INFO  testCases.AddOrganizationDataDriven - ***filling communication address details***
08:50:15.467 [main] INFO  testCases.AddOrganizationDataDriven - ***filling Registered address  details***
08:50:16.491 [main] INFO  testCases.AddOrganizationDataDriven - ***Clicking on Home page***
08:50:16.569 [main] INFO  testCases.AddOrganizationDataDriven - ***adding organisation details****
08:50:17.920 [main] INFO  testCases.AddOrganizationDataDriven - ***filling communication address details***
08:50:19.010 [main] INFO  testCases.AddOrganizationDataDriven - ***filling Registered address  details***
08:50:19.758 [main] INFO  testCases.AddOrganizationDataDriven - ***Clicking on Home page***
08:50:19.889 [main] INFO  testCases.AddOrganizationDataDriven - ***adding organisation details****
08:50:20.682 [main] INFO  testCases.AddOrganizationDataDriven - ***filling communication address details***
08:50:21.423 [main] INFO  testCases.AddOrganizationDataDriven - ***filling Registered address  details***
08:50:22.100 [main] INFO  testCases.AddOrganizationDataDriven - ***Clicking on Home page***
08:50:22.164 [main] INFO  testCases.AddOrganizationDataDriven - ***adding organisation details****
08:50:22.907 [main] INFO  testCases.AddOrganizationDataDriven - ***filling communication address details***
08:50:23.572 [main] INFO  testCases.AddOrganizationDataDriven - ***filling Registered address  details***
08:50:24.148 [main] INFO  testCases.AddOrganizationDataDriven - ***Clicking on Home page***
08:50:24.247 [main] INFO  testCases.AddOrganizationDataDriven - ***adding organisation details****
08:50:24.962 [main] INFO  testCases.AddOrganizationDataDriven - ***filling communication address details***
08:50:25.656 [main] INFO  testCases.AddOrganizationDataDriven - ***filling Registered address  details***
08:50:26.231 [main] INFO  testCases.AddOrganizationDataDriven - ***Clicking on Home page***
08:50:26.283 [main] INFO  testCases.AddOrganizationDataDriven - ***adding organisation details****
08:50:26.912 [main] INFO  testCases.AddOrganizationDataDriven - ***filling communication address details***
08:50:27.652 [main] INFO  testCases.AddOrganizationDataDriven - ***filling Registered address  details***
08:50:28.332 [main] INFO  testCases.AddOrganizationDataDriven - ***Clicking on Home page***
08:50:28.447 [main] INFO  testCases.AddOrganizationDataDriven - ***adding organisation details****
08:51:21.769 [main] INFO  testCases.AddOrganizationDataDriven - ***Clicking on Home page***
08:51:21.976 [main] INFO  testCases.AddOrganizationDataDriven - ***adding organisation details****
08:51:23.166 [main] INFO  testCases.AddOrganizationDataDriven - ***filling communication address details***
08:51:24.091 [main] INFO  testCases.AddOrganizationDataDriven - ***filling Registered address  details***
08:51:24.919 [main] INFO  testCases.AddOrganizationDataDriven - ***Clicking on Home page***
08:51:25.067 [main] INFO  testCases.AddOrganizationDataDriven - ***adding organisation details****
08:51:25.913 [main] INFO  testCases.AddOrganizationDataDriven - ***filling communication address details***
08:51:26.709 [main] INFO  testCases.AddOrganizationDataDriven - ***filling Registered address  details***
08:51:27.499 [main] INFO  testCases.AddOrganizationDataDriven - ***Clicking on Home page***
08:51:27.605 [main] INFO  testCases.AddOrganizationDataDriven - ***adding organisation details****
08:51:28.721 [main] INFO  testCases.AddOrganizationDataDriven - ***filling communication address details***
08:51:29.718 [main] INFO  testCases.AddOrganizationDataDriven - ***filling Registered address  details***
08:51:30.565 [main] INFO  testCases.AddOrganizationDataDriven - ***Clicking on Home page***
08:51:30.647 [main] INFO  testCases.AddOrganizationDataDriven - ***adding organisation details****
08:51:31.578 [main] INFO  testCases.AddOrganizationDataDriven - ***filling communication address details***
08:51:32.357 [main] INFO  testCases.AddOrganizationDataDriven - ***filling Registered address  details***
08:51:33.253 [main] INFO  testCases.AddOrganizationDataDriven - ***Clicking on Home page***
08:51:33.344 [main] INFO  testCases.AddOrganizationDataDriven - ***adding organisation details****
08:51:34.089 [main] INFO  testCases.AddOrganizationDataDriven - ***filling communication address details***
08:51:34.692 [main] INFO  testCases.AddOrganizationDataDriven - ***filling Registered address  details***
08:51:35.360 [main] INFO  testCases.AddOrganizationDataDriven - ***Clicking on Home page***
08:51:35.419 [main] INFO  testCases.AddOrganizationDataDriven - ***adding organisation details****
08:51:36.096 [main] INFO  testCases.AddOrganizationDataDriven - ***filling communication address details***
08:51:36.724 [main] INFO  testCases.AddOrganizationDataDriven - ***filling Registered address  details***
08:51:37.379 [main] INFO  testCases.AddOrganizationDataDriven - ***Clicking on Home page***
08:51:37.433 [main] INFO  testCases.AddOrganizationDataDriven - ***adding organisation details****
08:51:38.054 [main] INFO  testCases.AddOrganizationDataDriven - ***filling communication address details***
08:51:38.634 [main] INFO  testCases.AddOrganizationDataDriven - ***filling Registered address  details***
08:51:39.317 [main] INFO  testCases.AddOrganizationDataDriven - ***Clicking on Home page***
08:51:39.443 [main] INFO  testCases.AddOrganizationDataDriven - ***adding organisation details****
08:51:40.253 [main] INFO  testCases.AddOrganizationDataDriven - ***filling communication address details***
08:51:40.884 [main] INFO  testCases.AddOrganizationDataDriven - ***filling Registered address  details***
08:51:41.426 [main] INFO  testCases.AddOrganizationDataDriven - ***Clicking on Home page***
08:51:41.559 [main] INFO  testCases.AddOrganizationDataDriven - ***adding organisation details****
08:51:42.233 [main] INFO  testCases.AddOrganizationDataDriven - ***filling communication address details***
08:51:42.749 [main] INFO  testCases.AddOrganizationDataDriven - ***filling Registered address  details***
08:51:43.255 [main] INFO  testCases.AddOrganizationDataDriven - ***Clicking on Home page***
08:51:43.308 [main] INFO  testCases.AddOrganizationDataDriven - ***adding organisation details****
08:51:43.942 [main] INFO  testCases.AddOrganizationDataDriven - ***filling communication address details***
08:51:44.585 [main] INFO  testCases.AddOrganizationDataDriven - ***filling Registered address  details***
08:51:45.272 [main] INFO  testCases.AddOrganizationDataDriven - ***Clicking on Home page***
08:51:45.370 [main] INFO  testCases.AddOrganizationDataDriven - ***adding organisation details****
08:51:46.251 [main] INFO  testCases.AddOrganizationDataDriven - ***filling communication address details***
08:51:46.831 [main] INFO  testCases.AddOrganizationDataDriven - ***filling Registered address  details***
08:51:47.383 [main] INFO  testCases.AddOrganizationDataDriven - ***Clicking on Home page***
08:51:47.452 [main] INFO  testCases.AddOrganizationDataDriven - ***adding organisation details****
08:51:48.100 [main] INFO  testCases.AddOrganizationDataDriven - ***filling communication address details***
08:51:48.660 [main] INFO  testCases.AddOrganizationDataDriven - ***filling Registered address  details***
08:51:49.189 [main] INFO  testCases.AddOrganizationDataDriven - ***Clicking on Home page***
08:51:49.251 [main] INFO  testCases.AddOrganizationDataDriven - ***adding organisation details****
08:51:49.894 [main] INFO  testCases.AddOrganizationDataDriven - ***filling communication address details***
08:51:50.510 [main] INFO  testCases.AddOrganizationDataDriven - ***filling Registered address  details***
08:51:51.120 [main] INFO  testCases.AddOrganizationDataDriven - ***Clicking on Home page***
08:51:51.171 [main] INFO  testCases.AddOrganizationDataDriven - ***adding organisation details****
08:51:52.061 [main] INFO  testCases.AddOrganizationDataDriven - ***filling communication address details***
08:51:52.624 [main] INFO  testCases.AddOrganizationDataDriven - ***filling Registered address  details***
08:51:53.214 [main] INFO  testCases.AddOrganizationDataDriven - ***Clicking on Home page***
08:51:53.339 [main] INFO  testCases.AddOrganizationDataDriven - ***adding organisation details****
08:51:53.676 [main] INFO  testCases.AddOrganizationDataDriven - ***filling communication address details***
08:52:04.127 [main] INFO  testCases.AddOrganizationDataDriven - ***Clicking on Home page***
08:52:04.192 [main] INFO  testCases.AddOrganizationDataDriven - ***adding organisation details****
08:52:04.523 [main] INFO  testCases.AddOrganizationDataDriven - ***filling communication address details***
08:52:15.082 [main] INFO  testCases.AddOrganizationDataDriven - ***Clicking on Home page***
08:52:15.148 [main] INFO  testCases.AddOrganizationDataDriven - ***adding organisation details****
08:52:15.456 [main] INFO  testCases.AddOrganizationDataDriven - ***filling communication address details***
08:52:25.863 [main] INFO  testCases.AddOrganizationDataDriven - ***Clicking on Home page***
08:52:25.922 [main] INFO  testCases.AddOrganizationDataDriven - ***adding organisation details****
08:52:26.252 [main] INFO  testCases.AddOrganizationDataDriven - ***filling communication address details***
08:52:36.696 [main] INFO  testCases.AddOrganizationDataDriven - ***Clicking on Home page***
08:52:36.764 [main] INFO  testCases.AddOrganizationDataDriven - ***adding organisation details****
08:52:37.036 [main] INFO  testCases.AddOrganizationDataDriven - ***filling communication address details***
08:52:47.470 [main] INFO  testCases.AddOrganizationDataDriven - ***Clicking on Home page***
08:52:47.543 [main] INFO  testCases.AddOrganizationDataDriven - ***adding organisation details****
08:52:47.860 [main] INFO  testCases.AddOrganizationDataDriven - ***filling communication address details***
08:52:58.342 [main] INFO  testCases.AddOrganizationDataDriven - ***Clicking on Home page***
08:52:58.419 [main] INFO  testCases.AddOrganizationDataDriven - ***adding organisation details****
08:52:58.765 [main] INFO  testCases.AddOrganizationDataDriven - ***filling communication address details***
08:53:09.231 [main] INFO  testCases.AddOrganizationDataDriven - ***Clicking on Home page***
08:53:09.300 [main] INFO  testCases.AddOrganizationDataDriven - ***adding organisation details****
08:53:09.566 [main] INFO  testCases.AddOrganizationDataDriven - ***filling communication address details***
08:53:20.045 [main] INFO  testCases.AddOrganizationDataDriven - ***Clicking on Home page***
08:53:20.119 [main] INFO  testCases.AddOrganizationDataDriven - ***adding organisation details****
08:53:20.377 [main] INFO  testCases.AddOrganizationDataDriven - ***filling communication address details***
08:56:09.293 [main] INFO  testCases.TC_002_AddOraganisationTest - ***Clicking on Home page***
08:56:12.490 [main] INFO  testCases.TC_002_AddOraganisationTest - ***adding organisation details****
08:56:13.708 [main] INFO  testCases.TC_002_AddOraganisationTest - ***filling communication address details***
08:56:14.435 [main] INFO  testCases.TC_002_AddOraganisationTest - ***filling Registered address  details***
08:56:15.097 [main] INFO  testCases.TC_002_AddOraganisationTest - ***clicking on save next button***
08:56:15.166 [main] INFO  testCases.TC_002_AddOraganisationTest - ***successfully clicked on save and next button***
08:56:15.166 [main] INFO  testCases.TC_002_AddOraganisationTest - ****will Validate condition in contact person page***
08:56:15.750 [main] INFO  testCases.TC_002_AddOraganisationTest - **** Validated condition in contact person page***
08:56:15.750 [main] INFO  testCases.TC_002_AddOraganisationTest - ***Basic data of addOrganisation done***
08:56:15.763 [main] INFO  testCases.TC_002_AddOraganisationTest - ***Filling details into contact person page***
08:56:16.293 [main] INFO  testCases.TC_002_AddOraganisationTest - ***Filled  contact person details***
08:56:16.413 [main] INFO  testCases.TC_002_AddOraganisationTest - ****checking functionality of privious button in contact person page***
08:56:16.470 [main] INFO  testCases.TC_002_AddOraganisationTest - ****back to contact person details***
08:56:17.523 [main] INFO  testCases.TC_002_AddOraganisationTest - ***filled Account Manager details
08:56:17.552 [main] INFO  testCases.TC_002_AddOraganisationTest - ****Clicked save and next button***
08:56:18.133 [main] INFO  testCases.TC_002_AddOraganisationTest - ***Validated an element in Bank detail page***
08:56:18.133 [main] INFO  testCases.TC_002_AddOraganisationTest - ***Will enter banking details***
08:56:18.626 [main] INFO  testCases.TC_002_AddOraganisationTest - *** entered banking details***
08:56:18.626 [main] INFO  testCases.TC_002_AddOraganisationTest - ***Will enter banking contact person  details***
08:56:19.025 [main] INFO  testCases.TC_002_AddOraganisationTest - entered phone number
08:56:19.025 [main] INFO  testCases.TC_002_AddOraganisationTest - ***Will enter banking address details***
08:56:19.166 [main] INFO  testCases.TC_002_AddOraganisationTest - ***checking functionality of privious button in Banking detail page***
08:56:19.186 [main] INFO  testCases.TC_002_AddOraganisationTest - *** privious button works fine in Banking detail page***
08:56:19.218 [main] INFO  testCases.TC_002_AddOraganisationTest - ***back to banking address details***
08:56:19.680 [main] INFO  testCases.TC_002_AddOraganisationTest - ***entred postal pincode***
08:56:19.755 [main] INFO  testCases.TC_002_AddOraganisationTest - ***entred state***
08:56:19.849 [main] INFO  testCases.TC_002_AddOraganisationTest - ****entered All the details of Banks****
08:56:24.891 [main] INFO  testCases.TC_002_AddOraganisationTest - ***successfully clicked on save button***
08:56:25.034 [main] INFO  testCases.TC_002_AddOraganisationTest - **Condition validated**
08:58:49.564 [main] INFO  testCases.AddOrganizationDataDriven - ***Clicking on Home page***
08:58:49.762 [main] INFO  testCases.AddOrganizationDataDriven - ***adding organisation details****
08:58:51.385 [main] INFO  testCases.AddOrganizationDataDriven - ***filling communication address details***
08:58:52.705 [main] INFO  testCases.AddOrganizationDataDriven - ***filling Registered address  details***
08:58:53.957 [main] INFO  testCases.AddOrganizationDataDriven - ***Clicking on Home page***
08:58:54.069 [main] INFO  testCases.AddOrganizationDataDriven - ***adding organisation details****
08:58:55.125 [main] INFO  testCases.AddOrganizationDataDriven - ***filling communication address details***
08:58:56.161 [main] INFO  testCases.AddOrganizationDataDriven - ***filling Registered address  details***
08:58:57.009 [main] INFO  testCases.AddOrganizationDataDriven - ***Clicking on Home page***
08:58:57.136 [main] INFO  testCases.AddOrganizationDataDriven - ***adding organisation details****
08:58:58.122 [main] INFO  testCases.AddOrganizationDataDriven - ***filling communication address details***
08:58:58.980 [main] INFO  testCases.AddOrganizationDataDriven - ***filling Registered address  details***
08:58:59.684 [main] INFO  testCases.AddOrganizationDataDriven - ***Clicking on Home page***
08:58:59.749 [main] INFO  testCases.AddOrganizationDataDriven - ***adding organisation details****
08:59:00.602 [main] INFO  testCases.AddOrganizationDataDriven - ***filling communication address details***
08:59:01.526 [main] INFO  testCases.AddOrganizationDataDriven - ***filling Registered address  details***
08:59:02.172 [main] INFO  testCases.AddOrganizationDataDriven - ***Clicking on Home page***
08:59:02.309 [main] INFO  testCases.AddOrganizationDataDriven - ***adding organisation details****
08:59:02.972 [main] INFO  testCases.AddOrganizationDataDriven - ***filling communication address details***
08:59:03.804 [main] INFO  testCases.AddOrganizationDataDriven - ***filling Registered address  details***
08:59:04.649 [main] INFO  testCases.AddOrganizationDataDriven - ***Clicking on Home page***
08:59:04.725 [main] INFO  testCases.AddOrganizationDataDriven - ***adding organisation details****
08:59:05.560 [main] INFO  testCases.AddOrganizationDataDriven - ***filling communication address details***
08:59:06.233 [main] INFO  testCases.AddOrganizationDataDriven - ***filling Registered address  details***
09:00:08.358 [main] INFO  testCases.TC_002_AddOraganisationTest - ***Clicking on Home page***
09:00:14.000 [main] INFO  testCases.TC_002_AddOraganisationTest - ***adding organisation details****
09:00:19.138 [main] INFO  testCases.TC_002_AddOraganisationTest - ***filling communication address details***
09:00:19.892 [main] INFO  testCases.TC_002_AddOraganisationTest - ***filling Registered address  details***
09:00:20.594 [main] INFO  testCases.TC_002_AddOraganisationTest - ***clicking on save next button***
09:00:20.636 [main] INFO  testCases.TC_002_AddOraganisationTest - ***successfully clicked on save and next button***
09:00:20.636 [main] INFO  testCases.TC_002_AddOraganisationTest - ****will Validate condition in contact person page***
09:00:21.217 [main] INFO  testCases.TC_002_AddOraganisationTest - **** Validated condition in contact person page***
09:00:21.217 [main] INFO  testCases.TC_002_AddOraganisationTest - ***Basic data of addOrganisation done***
09:00:21.250 [main] INFO  testCases.TC_002_AddOraganisationTest - ***Filling details into contact person page***
09:00:21.864 [main] INFO  testCases.TC_002_AddOraganisationTest - ***Filled  contact person details***
09:00:21.996 [main] INFO  testCases.TC_002_AddOraganisationTest - ****checking functionality of privious button in contact person page***
09:00:22.043 [main] INFO  testCases.TC_002_AddOraganisationTest - ****back to contact person details***
09:00:23.157 [main] INFO  testCases.TC_002_AddOraganisationTest - ***filled Account Manager details
09:00:23.186 [main] INFO  testCases.TC_002_AddOraganisationTest - ****Clicked save and next button***
09:00:23.792 [main] INFO  testCases.TC_002_AddOraganisationTest - ***Validated an element in Bank detail page***
09:00:23.796 [main] INFO  testCases.TC_002_AddOraganisationTest - ***Will enter banking details***
09:00:24.294 [main] INFO  testCases.TC_002_AddOraganisationTest - *** entered banking details***
09:00:24.294 [main] INFO  testCases.TC_002_AddOraganisationTest - ***Will enter banking contact person  details***
09:00:24.713 [main] INFO  testCases.TC_002_AddOraganisationTest - entered phone number
09:00:24.713 [main] INFO  testCases.TC_002_AddOraganisationTest - ***Will enter banking address details***
09:00:24.863 [main] INFO  testCases.TC_002_AddOraganisationTest - ***checking functionality of privious button in Banking detail page***
09:00:24.882 [main] INFO  testCases.TC_002_AddOraganisationTest - *** privious button works fine in Banking detail page***
09:00:24.920 [main] INFO  testCases.TC_002_AddOraganisationTest - ***back to banking address details***
09:00:25.461 [main] INFO  testCases.TC_002_AddOraganisationTest - ***entred postal pincode***
09:00:25.555 [main] INFO  testCases.TC_002_AddOraganisationTest - ***entred state***
09:00:25.667 [main] INFO  testCases.TC_002_AddOraganisationTest - ****entered All the details of Banks****
09:00:30.725 [main] INFO  testCases.TC_002_AddOraganisationTest - ***successfully clicked on save button***
09:00:30.772 [main] INFO  testCases.TC_002_AddOraganisationTest - **Condition validated**
09:01:03.078 [main] INFO  testCases.AddOrganizationDataDriven - ***Clicking on Home page***
09:01:03.186 [main] INFO  testCases.AddOrganizationDataDriven - ***adding organisation details****
09:01:04.621 [main] INFO  testCases.AddOrganizationDataDriven - ***filling communication address details***
09:01:05.553 [main] INFO  testCases.AddOrganizationDataDriven - ***filling Registered address  details***
09:01:05.584 [main] INFO  testCases.AddOrganizationDataDriven - ***clicking on save next button***
09:01:05.648 [main] INFO  testCases.AddOrganizationDataDriven - ***successfully clicked on save and next button***
09:01:05.648 [main] INFO  testCases.AddOrganizationDataDriven - ****will Validate condition in contact person page***
09:01:05.648 [main] INFO  testCases.AddOrganizationDataDriven - **** Validated condition in contact person page***
09:01:16.024 [main] INFO  testCases.AddOrganizationDataDriven - ***Clicking on Home page***
09:01:16.090 [main] INFO  testCases.AddOrganizationDataDriven - ***adding organisation details****
09:01:16.933 [main] INFO  testCases.AddOrganizationDataDriven - ***filling communication address details***
09:01:17.646 [main] INFO  testCases.AddOrganizationDataDriven - ***filling Registered address  details***
09:01:17.668 [main] INFO  testCases.AddOrganizationDataDriven - ***clicking on save next button***
09:01:17.709 [main] INFO  testCases.AddOrganizationDataDriven - ***successfully clicked on save and next button***
09:01:17.709 [main] INFO  testCases.AddOrganizationDataDriven - ****will Validate condition in contact person page***
09:01:17.709 [main] INFO  testCases.AddOrganizationDataDriven - **** Validated condition in contact person page***
09:01:28.352 [main] INFO  testCases.AddOrganizationDataDriven - ***Clicking on Home page***
09:01:28.435 [main] INFO  testCases.AddOrganizationDataDriven - ***adding organisation details****
09:01:29.585 [main] INFO  testCases.AddOrganizationDataDriven - ***filling communication address details***
09:01:30.298 [main] INFO  testCases.AddOrganizationDataDriven - ***filling Registered address  details***
09:01:30.320 [main] INFO  testCases.AddOrganizationDataDriven - ***clicking on save next button***
09:01:30.353 [main] INFO  testCases.AddOrganizationDataDriven - ***successfully clicked on save and next button***
09:01:30.354 [main] INFO  testCases.AddOrganizationDataDriven - ****will Validate condition in contact person page***
09:01:30.354 [main] INFO  testCases.AddOrganizationDataDriven - **** Validated condition in contact person page***
11:49:31.219 [main] INFO  testCases.AddOrganizationDataDriven - ***Clicking on Home page***
11:49:31.483 [main] INFO  testCases.AddOrganizationDataDriven - ***adding organisation details****
11:49:37.281 [main] INFO  testCases.AddOrganizationDataDriven - ***filling communication address details***
11:49:38.313 [main] INFO  testCases.AddOrganizationDataDriven - ***filling Registered address  details***
11:49:38.730 [main] INFO  testCases.AddOrganizationDataDriven - ***Clicking on Home page***
11:49:38.834 [main] INFO  testCases.AddOrganizationDataDriven - ***adding organisation details****
11:49:39.778 [main] INFO  testCases.AddOrganizationDataDriven - ***filling communication address details***
11:49:40.592 [main] INFO  testCases.AddOrganizationDataDriven - ***filling Registered address  details***
11:49:41.481 [main] INFO  testCases.AddOrganizationDataDriven - ***Clicking on Home page***
11:49:41.584 [main] INFO  testCases.AddOrganizationDataDriven - ***adding organisation details****
11:49:42.588 [main] INFO  testCases.AddOrganizationDataDriven - ***filling communication address details***
11:49:43.358 [main] INFO  testCases.AddOrganizationDataDriven - ***filling Registered address  details***
11:49:43.737 [main] INFO  testCases.AddOrganizationDataDriven - ***Clicking on Home page***
11:49:43.842 [main] INFO  testCases.AddOrganizationDataDriven - ***adding organisation details****
11:49:44.687 [main] INFO  testCases.AddOrganizationDataDriven - ***filling communication address details***
11:49:45.479 [main] INFO  testCases.AddOrganizationDataDriven - ***filling Registered address  details***
11:49:46.295 [main] INFO  testCases.AddOrganizationDataDriven - ***Clicking on Home page***
11:49:46.398 [main] INFO  testCases.AddOrganizationDataDriven - ***adding organisation details****
11:49:47.137 [main] INFO  testCases.AddOrganizationDataDriven - ***filling communication address details***
11:49:47.947 [main] INFO  testCases.AddOrganizationDataDriven - ***filling Registered address  details***
11:49:48.210 [main] INFO  testCases.AddOrganizationDataDriven - ***Clicking on Home page***
11:49:48.293 [main] INFO  testCases.AddOrganizationDataDriven - ***adding organisation details****
11:49:49.135 [main] INFO  testCases.AddOrganizationDataDriven - ***filling communication address details***
11:49:49.800 [main] INFO  testCases.AddOrganizationDataDriven - ***filling Registered address  details***
11:49:50.553 [main] INFO  testCases.AddOrganizationDataDriven - ***Clicking on Home page***
11:49:50.650 [main] INFO  testCases.AddOrganizationDataDriven - ***adding organisation details****
11:49:51.351 [main] INFO  testCases.AddOrganizationDataDriven - ***filling communication address details***
11:49:52.030 [main] INFO  testCases.AddOrganizationDataDriven - ***filling Registered address  details***
11:49:52.317 [main] INFO  testCases.AddOrganizationDataDriven - ***Clicking on Home page***
11:49:52.432 [main] INFO  testCases.AddOrganizationDataDriven - ***adding organisation details****
11:49:53.262 [main] INFO  testCases.AddOrganizationDataDriven - ***filling communication address details***
11:49:54.013 [main] INFO  testCases.AddOrganizationDataDriven - ***filling Registered address  details***
11:49:54.741 [main] INFO  testCases.AddOrganizationDataDriven - ***Clicking on Home page***
11:49:54.831 [main] INFO  testCases.AddOrganizationDataDriven - ***adding organisation details****
11:49:55.567 [main] INFO  testCases.AddOrganizationDataDriven - ***filling communication address details***
11:49:56.377 [main] INFO  testCases.AddOrganizationDataDriven - ***filling Registered address  details***
11:51:21.886 [main] INFO  testCases.AddOrganizationDataDriven - ***Clicking on Home page***
11:51:22.018 [main] INFO  testCases.AddOrganizationDataDriven - ***adding organisation details****
11:51:32.257 [main] INFO  testCases.AddOrganizationDataDriven - ***Clicking on Home page***
11:51:32.353 [main] INFO  testCases.AddOrganizationDataDriven - ***adding organisation details****
11:51:34.171 [main] INFO  testCases.AddOrganizationDataDriven - ***filling communication address details***
11:51:35.141 [main] INFO  testCases.AddOrganizationDataDriven - ***filling Registered address  details***
11:51:35.970 [main] INFO  testCases.AddOrganizationDataDriven - ***Clicking on Home page***
11:51:36.127 [main] INFO  testCases.AddOrganizationDataDriven - ***adding organisation details****
11:51:36.998 [main] INFO  testCases.AddOrganizationDataDriven - ***filling communication address details***
11:51:37.770 [main] INFO  testCases.AddOrganizationDataDriven - ***filling Registered address  details***
11:51:38.692 [main] INFO  testCases.AddOrganizationDataDriven - ***Clicking on Home page***
11:51:38.828 [main] INFO  testCases.AddOrganizationDataDriven - ***adding organisation details****
11:51:39.615 [main] INFO  testCases.AddOrganizationDataDriven - ***filling communication address details***
11:51:40.334 [main] INFO  testCases.AddOrganizationDataDriven - ***filling Registered address  details***
11:51:41.078 [main] INFO  testCases.AddOrganizationDataDriven - ***Clicking on Home page***
11:51:41.167 [main] INFO  testCases.AddOrganizationDataDriven - ***adding organisation details****
11:51:41.903 [main] INFO  testCases.AddOrganizationDataDriven - ***filling communication address details***
11:51:42.649 [main] INFO  testCases.AddOrganizationDataDriven - ***filling Registered address  details***
11:51:43.275 [main] INFO  testCases.AddOrganizationDataDriven - ***Clicking on Home page***
11:51:43.363 [main] INFO  testCases.AddOrganizationDataDriven - ***adding organisation details****
11:51:44.126 [main] INFO  testCases.AddOrganizationDataDriven - ***filling communication address details***
11:51:44.890 [main] INFO  testCases.AddOrganizationDataDriven - ***filling Registered address  details***
11:51:45.753 [main] INFO  testCases.AddOrganizationDataDriven - ***Clicking on Home page***
11:51:45.834 [main] INFO  testCases.AddOrganizationDataDriven - ***adding organisation details****
11:51:46.556 [main] INFO  testCases.AddOrganizationDataDriven - ***filling communication address details***
11:51:47.205 [main] INFO  testCases.AddOrganizationDataDriven - ***filling Registered address  details***
11:51:47.851 [main] INFO  testCases.AddOrganizationDataDriven - ***Clicking on Home page***
11:51:47.921 [main] INFO  testCases.AddOrganizationDataDriven - ***adding organisation details****
11:51:48.675 [main] INFO  testCases.AddOrganizationDataDriven - ***filling communication address details***
11:51:49.443 [main] INFO  testCases.AddOrganizationDataDriven - ***filling Registered address  details***
11:51:50.106 [main] INFO  testCases.AddOrganizationDataDriven - ***Clicking on Home page***
11:51:50.189 [main] INFO  testCases.AddOrganizationDataDriven - ***adding organisation details****
11:53:10.779 [main] INFO  testCases.AddOrganizationDataDriven - ***Clicking on Home page***
11:53:10.925 [main] INFO  testCases.AddOrganizationDataDriven - ***adding organisation details****
11:53:17.094 [main] INFO  testCases.AddOrganizationDataDriven - ***filling communication address details***
11:53:18.088 [main] INFO  testCases.AddOrganizationDataDriven - ***filling Registered address  details***
11:53:18.993 [main] INFO  testCases.AddOrganizationDataDriven - ***Clicking on Home page***
11:53:19.086 [main] INFO  testCases.AddOrganizationDataDriven - ***adding organisation details****
11:53:20.003 [main] INFO  testCases.AddOrganizationDataDriven - ***filling communication address details***
11:53:20.771 [main] INFO  testCases.AddOrganizationDataDriven - ***filling Registered address  details***
11:53:21.552 [main] INFO  testCases.AddOrganizationDataDriven - ***Clicking on Home page***
11:53:21.686 [main] INFO  testCases.AddOrganizationDataDriven - ***adding organisation details****
11:53:22.525 [main] INFO  testCases.AddOrganizationDataDriven - ***filling communication address details***
11:53:23.308 [main] INFO  testCases.AddOrganizationDataDriven - ***filling Registered address  details***
11:53:23.991 [main] INFO  testCases.AddOrganizationDataDriven - ***Clicking on Home page***
11:53:24.087 [main] INFO  testCases.AddOrganizationDataDriven - ***adding organisation details****
11:53:24.866 [main] INFO  testCases.AddOrganizationDataDriven - ***filling communication address details***
11:53:25.583 [main] INFO  testCases.AddOrganizationDataDriven - ***filling Registered address  details***
11:53:26.323 [main] INFO  testCases.AddOrganizationDataDriven - ***Clicking on Home page***
11:53:26.419 [main] INFO  testCases.AddOrganizationDataDriven - ***adding organisation details****
11:53:27.146 [main] INFO  testCases.AddOrganizationDataDriven - ***filling communication address details***
11:53:27.848 [main] INFO  testCases.AddOrganizationDataDriven - ***filling Registered address  details***
11:53:28.508 [main] INFO  testCases.AddOrganizationDataDriven - ***Clicking on Home page***
11:53:28.584 [main] INFO  testCases.AddOrganizationDataDriven - ***adding organisation details****
11:53:29.378 [main] INFO  testCases.AddOrganizationDataDriven - ***filling communication address details***
11:53:30.010 [main] INFO  testCases.AddOrganizationDataDriven - ***filling Registered address  details***
11:53:30.692 [main] INFO  testCases.AddOrganizationDataDriven - ***Clicking on Home page***
11:53:30.767 [main] INFO  testCases.AddOrganizationDataDriven - ***adding organisation details****
11:53:31.518 [main] INFO  testCases.AddOrganizationDataDriven - ***filling communication address details***
11:53:32.207 [main] INFO  testCases.AddOrganizationDataDriven - ***filling Registered address  details***
11:53:33.047 [main] INFO  testCases.AddOrganizationDataDriven - ***Clicking on Home page***
11:53:33.135 [main] INFO  testCases.AddOrganizationDataDriven - ***adding organisation details****
11:53:33.856 [main] INFO  testCases.AddOrganizationDataDriven - ***filling communication address details***
11:53:34.607 [main] INFO  testCases.AddOrganizationDataDriven - ***filling Registered address  details***
11:53:35.294 [main] INFO  testCases.AddOrganizationDataDriven - ***Clicking on Home page***
11:53:35.454 [main] INFO  testCases.AddOrganizationDataDriven - ***adding organisation details****
11:53:36.121 [main] INFO  testCases.AddOrganizationDataDriven - ***filling communication address details***
11:53:36.859 [main] INFO  testCases.AddOrganizationDataDriven - ***filling Registered address  details***
11:55:25.395 [main] INFO  testCases.TC_002_AddOraganisationTest - ***Clicking on Home page***
11:55:29.090 [main] INFO  testCases.TC_002_AddOraganisationTest - ***adding organisation details****
11:55:30.938 [main] INFO  testCases.TC_002_AddOraganisationTest - ***filling communication address details***
11:55:31.889 [main] INFO  testCases.TC_002_AddOraganisationTest - ***filling Registered address  details***
11:55:32.749 [main] INFO  testCases.TC_002_AddOraganisationTest - ***clicking on save next button***
11:56:30.602 [main] INFO  testCases.TC_002_AddOraganisationTest - ***Clicking on Home page***
11:56:34.248 [main] INFO  testCases.TC_002_AddOraganisationTest - ***adding organisation details****
11:56:36.032 [main] INFO  testCases.TC_002_AddOraganisationTest - ***filling communication address details***
11:56:36.987 [main] INFO  testCases.TC_002_AddOraganisationTest - ***filling Registered address  details***
11:56:37.853 [main] INFO  testCases.TC_002_AddOraganisationTest - ***clicking on save next button***
11:57:18.805 [main] INFO  testCases.TC_002_AddOraganisationTest - ***Clicking on Home page***
11:57:22.915 [main] INFO  testCases.TC_002_AddOraganisationTest - ***adding organisation details****
11:57:24.784 [main] INFO  testCases.TC_002_AddOraganisationTest - ***filling communication address details***
11:57:25.776 [main] INFO  testCases.TC_002_AddOraganisationTest - ***filling Registered address  details***
11:57:26.639 [main] INFO  testCases.TC_002_AddOraganisationTest - ***clicking on save next button***
11:57:26.711 [main] INFO  testCases.TC_002_AddOraganisationTest - ***successfully clicked on save and next button***
11:57:26.711 [main] INFO  testCases.TC_002_AddOraganisationTest - ****will Validate condition in contact person page***
11:57:27.385 [main] INFO  testCases.TC_002_AddOraganisationTest - **** Validated condition in contact person page***
11:57:27.385 [main] INFO  testCases.TC_002_AddOraganisationTest - ***Basic data of addOrganisation done***
11:57:27.421 [main] INFO  testCases.TC_002_AddOraganisationTest - ***Filling details into contact person page***
11:57:28.159 [main] INFO  testCases.TC_002_AddOraganisationTest - ***Filled  contact person details***
11:57:28.305 [main] INFO  testCases.TC_002_AddOraganisationTest - ****checking functionality of privious button in contact person page***
11:57:28.378 [main] INFO  testCases.TC_002_AddOraganisationTest - ****back to contact person details***
11:57:30.705 [main] INFO  testCases.TC_002_AddOraganisationTest - ***filled Account Manager details
11:57:30.737 [main] INFO  testCases.TC_002_AddOraganisationTest - ****Clicked save and next button***
11:57:31.353 [main] INFO  testCases.TC_002_AddOraganisationTest - ***Validated an element in Bank detail page***
11:57:31.353 [main] INFO  testCases.TC_002_AddOraganisationTest - ***Will enter banking details***
11:57:31.937 [main] INFO  testCases.TC_002_AddOraganisationTest - *** entered banking details***
11:57:31.937 [main] INFO  testCases.TC_002_AddOraganisationTest - ***Will enter banking contact person  details***
11:57:32.492 [main] INFO  testCases.TC_002_AddOraganisationTest - entered phone number
11:57:32.492 [main] INFO  testCases.TC_002_AddOraganisationTest - ***Will enter banking address details***
11:57:32.694 [main] INFO  testCases.TC_002_AddOraganisationTest - ***checking functionality of privious button in Banking detail page***
11:57:32.713 [main] INFO  testCases.TC_002_AddOraganisationTest - *** privious button works fine in Banking detail page***
11:57:32.767 [main] INFO  testCases.TC_002_AddOraganisationTest - ***back to banking address details***
11:57:33.560 [main] INFO  testCases.TC_002_AddOraganisationTest - ***entred postal pincode***
11:57:33.671 [main] INFO  testCases.TC_002_AddOraganisationTest - ***entred state***
11:57:33.816 [main] INFO  testCases.TC_002_AddOraganisationTest - ****entered All the details of Banks****
11:57:38.891 [main] INFO  testCases.TC_002_AddOraganisationTest - ***successfully clicked on save button***
11:57:39.044 [main] INFO  testCases.TC_002_AddOraganisationTest - **Condition validated**
12:18:55.896 [main] INFO  testCases.AddOrganizationDataDriven - ***Clicking on Home page***
12:18:56.141 [main] INFO  testCases.AddOrganizationDataDriven - ***adding organisation details****
12:18:58.070 [main] INFO  testCases.AddOrganizationDataDriven - ***filling communication address details***
12:18:59.044 [main] INFO  testCases.AddOrganizationDataDriven - ***filling Registered address  details***
12:19:00.032 [main] INFO  testCases.AddOrganizationDataDriven - ***Clicking on Home page***
12:19:00.123 [main] INFO  testCases.AddOrganizationDataDriven - ***adding organisation details****
12:19:01.260 [main] INFO  testCases.AddOrganizationDataDriven - ***filling communication address details***
12:19:02.349 [main] INFO  testCases.AddOrganizationDataDriven - ***filling Registered address  details***
12:19:03.148 [main] INFO  testCases.AddOrganizationDataDriven - ***Clicking on Home page***
12:19:03.252 [main] INFO  testCases.AddOrganizationDataDriven - ***adding organisation details****
12:19:04.148 [main] INFO  testCases.AddOrganizationDataDriven - ***filling communication address details***
12:19:04.884 [main] INFO  testCases.AddOrganizationDataDriven - ***filling Registered address  details***
12:19:05.628 [main] INFO  testCases.AddOrganizationDataDriven - ***Clicking on Home page***
12:19:05.737 [main] INFO  testCases.AddOrganizationDataDriven - ***adding organisation details****
12:19:06.862 [main] INFO  testCases.AddOrganizationDataDriven - ***filling communication address details***
12:19:07.664 [main] INFO  testCases.AddOrganizationDataDriven - ***filling Registered address  details***
12:19:08.314 [main] INFO  testCases.AddOrganizationDataDriven - ***Clicking on Home page***
12:19:08.398 [main] INFO  testCases.AddOrganizationDataDriven - ***adding organisation details****
12:19:09.164 [main] INFO  testCases.AddOrganizationDataDriven - ***filling communication address details***
12:19:09.933 [main] INFO  testCases.AddOrganizationDataDriven - ***filling Registered address  details***
12:19:10.707 [main] INFO  testCases.AddOrganizationDataDriven - ***Clicking on Home page***
12:19:10.778 [main] INFO  testCases.AddOrganizationDataDriven - ***adding organisation details****
12:19:11.993 [main] INFO  testCases.AddOrganizationDataDriven - ***filling communication address details***
17:45:31.787 [main] INFO  testCases.AddOrganizationDataDriven - ***Clicking on Home page***
17:45:32.028 [main] INFO  testCases.AddOrganizationDataDriven - ***adding organisation details****
17:45:33.494 [main] INFO  testCases.AddOrganizationDataDriven - ***filling communication address details***
17:45:34.236 [main] INFO  testCases.AddOrganizationDataDriven - ***filling Registered address  details***
17:45:34.981 [main] INFO  testCases.AddOrganizationDataDriven - ***Clicking on Home page***
17:45:35.037 [main] INFO  testCases.AddOrganizationDataDriven - ***adding organisation details****
17:45:36.197 [main] INFO  testCases.AddOrganizationDataDriven - ***filling communication address details***
17:45:36.982 [main] INFO  testCases.AddOrganizationDataDriven - ***filling Registered address  details***
17:45:37.778 [main] INFO  testCases.AddOrganizationDataDriven - ***Clicking on Home page***
17:45:37.883 [main] INFO  testCases.AddOrganizationDataDriven - ***adding organisation details****
17:45:38.933 [main] INFO  testCases.AddOrganizationDataDriven - ***filling communication address details***
17:45:39.753 [main] INFO  testCases.AddOrganizationDataDriven - ***filling Registered address  details***
17:45:40.646 [main] INFO  testCases.AddOrganizationDataDriven - ***Clicking on Home page***
17:45:40.719 [main] INFO  testCases.AddOrganizationDataDriven - ***adding organisation details****
17:45:41.793 [main] INFO  testCases.AddOrganizationDataDriven - ***filling communication address details***
17:45:42.692 [main] INFO  testCases.AddOrganizationDataDriven - ***filling Registered address  details***
17:45:43.351 [main] INFO  testCases.AddOrganizationDataDriven - ***Clicking on Home page***
17:45:43.444 [main] INFO  testCases.AddOrganizationDataDriven - ***adding organisation details****
17:45:44.372 [main] INFO  testCases.AddOrganizationDataDriven - ***filling communication address details***
17:45:45.185 [main] INFO  testCases.AddOrganizationDataDriven - ***filling Registered address  details***
18:06:59.187 [main] INFO  testCases.AddOrganizationDataDriven - ***Clicking on Home page***
18:06:59.488 [main] INFO  testCases.AddOrganizationDataDriven - ***adding organisation details****
18:07:02.073 [main] INFO  testCases.AddOrganizationDataDriven - ***filling communication address details***
18:07:03.192 [main] INFO  testCases.AddOrganizationDataDriven - ***filling Registered address  details***
18:07:04.180 [main] INFO  testCases.AddOrganizationDataDriven - ***Clicking on Home page***
18:07:04.283 [main] INFO  testCases.AddOrganizationDataDriven - ***adding organisation details****
18:07:05.609 [main] INFO  testCases.AddOrganizationDataDriven - ***filling communication address details***
18:07:06.454 [main] INFO  testCases.AddOrganizationDataDriven - ***filling Registered address  details***
18:07:07.168 [main] INFO  testCases.AddOrganizationDataDriven - ***Clicking on Home page***
18:07:07.262 [main] INFO  testCases.AddOrganizationDataDriven - ***adding organisation details****
18:07:08.054 [main] INFO  testCases.AddOrganizationDataDriven - ***filling communication address details***
18:07:08.792 [main] INFO  testCases.AddOrganizationDataDriven - ***filling Registered address  details***
18:07:09.461 [main] INFO  testCases.AddOrganizationDataDriven - ***Clicking on Home page***
18:07:09.544 [main] INFO  testCases.AddOrganizationDataDriven - ***adding organisation details****
18:07:10.356 [main] INFO  testCases.AddOrganizationDataDriven - ***filling communication address details***
18:07:11.146 [main] INFO  testCases.AddOrganizationDataDriven - ***filling Registered address  details***
